#
# There is insufficient memory for the Java Runtime Environment to continue.
# Native memory allocation (malloc) failed to allocate 1681456 bytes for Chunk::new
# Possible reasons:
#   The system is out of physical RAM or swap space
#   The process is running with CompressedOops enabled, and the Java Heap may be blocking the growth of the native heap
# Possible solutions:
#   Reduce memory load on the system
#   Increase physical memory or swap space
#   Check if swap backing store is full
#   Decrease Java heap size (-Xmx/-Xms)
#   Decrease number of Java threads
#   Decrease Java thread stack sizes (-Xss)
#   Set larger code cache with -XX:ReservedCodeCacheSize=
#   JVM is running with Unscaled Compressed Oops mode in which the Java heap is
#     placed in the first 4GB address space. The Java Heap base address is the
#     maximum limit for the native heap growth. Please use -XX:HeapBaseMinAddress
#     to set the Java Heap base and to place the Java Heap above 4GB virtual address.
# This output file may be truncated or incomplete.
#
#  Out of Memory Error (./src/hotspot/share/memory/arena.cpp:197), pid=5524, tid=14040
#
# JRE version: OpenJDK Runtime Environment (11.0.11+9) (build 11.0.11+9-b60-7590822)
# Java VM: OpenJDK 64-Bit Server VM (11.0.11+9-b60-7590822, mixed mode, tiered, compressed oops, g1 gc, windows-amd64)
# No core dump will be written. Minidumps are not enabled by default on client versions of Windows
#

---------------  S U M M A R Y ------------

Command Line: --add-opens=java.base/java.util=ALL-UNNAMED --add-opens=java.base/java.lang=ALL-UNNAMED --add-opens=java.base/java.lang.invoke=ALL-UNNAMED --add-opens=java.base/java.util=ALL-UNNAMED --add-opens=java.prefs/java.util.prefs=ALL-UNNAMED --add-opens=java.prefs/java.util.prefs=ALL-UNNAMED --add-opens=java.base/java.nio.charset=ALL-UNNAMED --add-opens=java.base/java.net=ALL-UNNAMED --add-opens=java.base/java.util.concurrent.atomic=ALL-UNNAMED -Xmx2048m -Dfile.encoding=UTF-8 -Duser.country=RU -Duser.language=ru -Duser.variant org.gradle.launcher.daemon.bootstrap.GradleDaemon 7.2

Host: Intel(R) Core(TM) i7-3770 CPU @ 3.40GHz, 8 cores, 15G,  Windows 10 , 64 bit Build 19041 (10.0.19041.1503)
Time: Mon Feb 14 12:38:28 2022 RTZ 2 (зима) elapsed time: 8.939618 seconds (0d 0h 0m 8s)

---------------  T H R E A D  ---------------

Current thread (0x000002c884d98000):  JavaThread "C2 CompilerThread2" daemon [_thread_in_native, id=14040, stack(0x000000d754b00000,0x000000d754c00000)]


Current CompileTask:
C2:   8939 5785       4       org.objectweb.asm.SymbolTable::addConstantMemberReference (147 bytes)

Stack: [0x000000d754b00000,0x000000d754c00000]
Native frames: (J=compiled Java code, j=interpreted, Vv=VM code, C=native code)
V  [jvm.dll+0x5f214a]
V  [jvm.dll+0x726fb5]
V  [jvm.dll+0x7285cd]
V  [jvm.dll+0x728c83]
V  [jvm.dll+0x243278]
V  [jvm.dll+0xbc53c]
V  [jvm.dll+0xbca3c]
V  [jvm.dll+0x353e7d]
V  [jvm.dll+0x321893]
V  [jvm.dll+0x320d8a]
V  [jvm.dll+0x1fc1e2]
V  [jvm.dll+0x1fb3d4]
V  [jvm.dll+0x183d6c]
V  [jvm.dll+0x209a57]
V  [jvm.dll+0x2082a1]
V  [jvm.dll+0x6ef58f]
V  [jvm.dll+0x6e80b5]
V  [jvm.dll+0x5f1036]
C  [ucrtbase.dll+0x21bb2]
C  [KERNEL32.DLL+0x17034]
C  [ntdll.dll+0x52651]


---------------  P R O C E S S  ---------------

Threads class SMR info:
_java_thread_list=0x000002c883793eb0, length=123, elements={
0x000002c8e4c5c000, 0x000002c8ff93e800, 0x000002c8ff941800, 0x000002c8ff965800,
0x000002c8ff966800, 0x000002c8ff967800, 0x000002c8ff968800, 0x000002c8ff9ba800,
0x000002c8ff9c6000, 0x000002c8ffb1f800, 0x000002c882dba800, 0x000002c8ffc3e800,
0x000002c880da1000, 0x000002c88159d000, 0x000002c88159d800, 0x000002c880f58000,
0x000002c882606800, 0x000002c8822f1800, 0x000002c881bfc800, 0x000002c88215c800,
0x000002c88215a000, 0x000002c88215d000, 0x000002c88215f000, 0x000002c882bac800,
0x000002c88215e000, 0x000002c88215f800, 0x000002c882160800, 0x000002c88215b000,
0x000002c88215b800, 0x000002c882ebc800, 0x000002c884d98000, 0x000002c882ebd000,
0x000002c882eb8800, 0x000002c882eb9000, 0x000002c882eba800, 0x000002c882ebb800,
0x000002c882ebf000, 0x000002c885fbe000, 0x000002c885fbd800, 0x000002c885fbf000,
0x000002c885fb9800, 0x000002c885fbb800, 0x000002c885fbc800, 0x000002c885fc0000,
0x000002c885fba000, 0x000002c885fc0800, 0x000002c885fbb000, 0x000002c885fc4000,
0x000002c885fc2000, 0x000002c885fc4800, 0x000002c885fc3000, 0x000002c885fc5800,
0x000002c885fc6800, 0x000002c885fc7000, 0x000002c885fc1800, 0x000002c885fc8000,
0x000002c88574d000, 0x000002c885751800, 0x000002c88574e800, 0x000002c88574d800,
0x000002c885751000, 0x000002c88574f000, 0x000002c885750000, 0x000002c88574c000,
0x000002c885754000, 0x000002c885756800, 0x000002c885753800, 0x000002c885755000,
0x000002c885756000, 0x000002c885757800, 0x000002c885758000, 0x000002c885752800,
0x000002c885759000, 0x000002c88575a000, 0x000002c88575a800, 0x000002c8829a3000,
0x000002c8829a6000, 0x000002c8829a7800, 0x000002c8829a4800, 0x000002c8829a3800,
0x000002c8829ab000, 0x000002c8829a5000, 0x000002c8829a9800, 0x000002c8829aa000,
0x000002c8829ab800, 0x000002c8829ac800, 0x000002c8829a7000, 0x000002c8829ae000,
0x000002c8829ad800, 0x000002c8829a8800, 0x000002c8829af000, 0x000002c8829b0000,
0x000002c8829b1800, 0x000002c8829b0800, 0x000002c88360b000, 0x000002c88360b800,
0x000002c88360c800, 0x000002c88360e000, 0x000002c88360d800, 0x000002c883608800,
0x000002c88360f000, 0x000002c883609000, 0x000002c883610000, 0x000002c88360a000,
0x000002c883613000, 0x000002c883615800, 0x000002c883614000, 0x000002c883614800,
0x000002c883616800, 0x000002c883610800, 0x000002c883617000, 0x000002c883611800,
0x000002c883612000, 0x000002c885f15800, 0x000002c885f16000, 0x000002c885f14800,
0x000002c885f17000, 0x000002c885f17800, 0x000002c885f1e800, 0x000002c885f1a000,
0x000002c885f1d800, 0x000002c885f18800, 0x000002c885f1c800
}

Java Threads: ( => current thread )
  0x000002c8e4c5c000 JavaThread "main" [_thread_blocked, id=8492, stack(0x000000d751e00000,0x000000d751f00000)]
  0x000002c8ff93e800 JavaThread "Reference Handler" daemon [_thread_blocked, id=5068, stack(0x000000d752500000,0x000000d752600000)]
  0x000002c8ff941800 JavaThread "Finalizer" daemon [_thread_blocked, id=3320, stack(0x000000d752600000,0x000000d752700000)]
  0x000002c8ff965800 JavaThread "Signal Dispatcher" daemon [_thread_blocked, id=17708, stack(0x000000d752700000,0x000000d752800000)]
  0x000002c8ff966800 JavaThread "Attach Listener" daemon [_thread_blocked, id=4596, stack(0x000000d752800000,0x000000d752900000)]
  0x000002c8ff967800 JavaThread "Service Thread" daemon [_thread_blocked, id=19380, stack(0x000000d752900000,0x000000d752a00000)]
  0x000002c8ff968800 JavaThread "C2 CompilerThread0" daemon [_thread_blocked, id=18168, stack(0x000000d752a00000,0x000000d752b00000)]
  0x000002c8ff9ba800 JavaThread "C1 CompilerThread0" daemon [_thread_blocked, id=12148, stack(0x000000d752b00000,0x000000d752c00000)]
  0x000002c8ff9c6000 JavaThread "Sweeper thread" daemon [_thread_blocked, id=3032, stack(0x000000d752c00000,0x000000d752d00000)]
  0x000002c8ffb1f800 JavaThread "Common-Cleaner" daemon [_thread_blocked, id=14264, stack(0x000000d752d00000,0x000000d752e00000)]
  0x000002c882dba800 JavaThread "Daemon health stats" [_thread_blocked, id=17724, stack(0x000000d753600000,0x000000d753700000)]
  0x000002c8ffc3e800 JavaThread "Incoming local TCP Connector on port 52107" [_thread_in_native, id=7896, stack(0x000000d752f00000,0x000000d753000000)]
  0x000002c880da1000 JavaThread "Daemon periodic checks" [_thread_blocked, id=12020, stack(0x000000d753500000,0x000000d753600000)]
  0x000002c88159d000 JavaThread "Daemon" [_thread_blocked, id=15640, stack(0x000000d753900000,0x000000d753a00000)]
  0x000002c88159d800 JavaThread "Handler for socket connection from /127.0.0.1:52107 to /127.0.0.1:52108" [_thread_in_native, id=15240, stack(0x000000d753a00000,0x000000d753b00000)]
  0x000002c880f58000 JavaThread "Cancel handler" [_thread_blocked, id=14548, stack(0x000000d753b00000,0x000000d753c00000)]
  0x000002c882606800 JavaThread "Daemon worker" [_thread_in_vm, id=13828, stack(0x000000d753c00000,0x000000d753d00000)]
  0x000002c8822f1800 JavaThread "Asynchronous log dispatcher for DefaultDaemonConnection: socket connection from /127.0.0.1:52107 to /127.0.0.1:52108" [_thread_blocked, id=19212, stack(0x000000d753d00000,0x000000d753e00000)]
  0x000002c881bfc800 JavaThread "Stdin handler" [_thread_blocked, id=7120, stack(0x000000d753e00000,0x000000d753f00000)]
  0x000002c88215c800 JavaThread "Daemon client event forwarder" [_thread_blocked, id=4140, stack(0x000000d753f00000,0x000000d754000000)]
  0x000002c88215a000 JavaThread "Cache worker for journal cache (C:\Users\DeFey\.gradle\caches\journal-1)" [_thread_blocked, id=17716, stack(0x000000d754000000,0x000000d754100000)]
  0x000002c88215d000 JavaThread "File lock request listener" [_thread_in_native, id=2876, stack(0x000000d754100000,0x000000d754200000)]
  0x000002c88215f000 JavaThread "Cache worker for file hash cache (C:\Users\DeFey\.gradle\caches\7.2\fileHashes)" [_thread_blocked, id=2284, stack(0x000000d754200000,0x000000d754300000)]
  0x000002c882bac800 JavaThread "C2 CompilerThread1" daemon [_thread_blocked, id=17272, stack(0x000000d754400000,0x000000d754500000)]
  0x000002c88215e000 JavaThread "Cache worker for file hash cache (C:\Users\DeFey\AndroidStudioProjects\Skillbox\diplom_android_lvl1\unsplash_skillbox\.gradle\7.2\fileHashes)" [_thread_blocked, id=4376, stack(0x000000d754500000,0x000000d754600000)]
  0x000002c88215f800 JavaThread "File watcher server" daemon [_thread_in_native, id=6812, stack(0x000000d754600000,0x000000d754700000)]
  0x000002c882160800 JavaThread "File watcher consumer" daemon [_thread_blocked, id=17640, stack(0x000000d754700000,0x000000d754800000)]
  0x000002c88215b000 JavaThread "Cache worker for checksums cache (C:\Users\DeFey\AndroidStudioProjects\Skillbox\diplom_android_lvl1\unsplash_skillbox\.gradle\checksums)" [_thread_blocked, id=18804, stack(0x000000d754800000,0x000000d754900000)]
  0x000002c88215b800 JavaThread "Cache worker for cache directory md-supplier (C:\Users\DeFey\.gradle\caches\7.2\md-supplier)" [_thread_blocked, id=5688, stack(0x000000d754900000,0x000000d754a00000)]
  0x000002c882ebc800 JavaThread "Cache worker for cache directory md-rule (C:\Users\DeFey\.gradle\caches\7.2\md-rule)" [_thread_blocked, id=6776, stack(0x000000d754a00000,0x000000d754b00000)]
=>0x000002c884d98000 JavaThread "C2 CompilerThread2" daemon [_thread_in_native, id=14040, stack(0x000000d754b00000,0x000000d754c00000)]
  0x000002c882ebd000 JavaThread "Cache worker for execution history cache (C:\Users\DeFey\.gradle\caches\7.2\executionHistory)" [_thread_blocked, id=11540, stack(0x000000d754c00000,0x000000d754d00000)]
  0x000002c882eb8800 JavaThread "jar transforms" [_thread_blocked, id=19400, stack(0x000000d754d00000,0x000000d754e00000)]
  0x000002c882eb9000 JavaThread "Cache worker for file content cache (C:\Users\DeFey\.gradle\caches\7.2\fileContent)" [_thread_blocked, id=4232, stack(0x000000d754e00000,0x000000d754f00000)]
  0x000002c882eba800 JavaThread "jar transforms Thread 2" [_thread_blocked, id=7652, stack(0x000000d754f00000,0x000000d755000000)]
  0x000002c882ebb800 JavaThread "Cache worker for dependencies-accessors (C:\Users\DeFey\AndroidStudioProjects\Skillbox\diplom_android_lvl1\unsplash_skillbox\.gradle\7.2\dependencies-accessors)" [_thread_blocked, id=19104, stack(0x000000d755000000,0x000000d755100000)]
  0x000002c882ebf000 JavaThread "jar transforms Thread 3" [_thread_blocked, id=6240, stack(0x000000d755100000,0x000000d755200000)]
  0x000002c885fbe000 JavaThread "Cache worker for Build Output Cleanup Cache (C:\Users\DeFey\AndroidStudioProjects\Skillbox\diplom_android_lvl1\unsplash_skillbox\.gradle\buildOutputCleanup)" [_thread_blocked, id=10268, stack(0x000000d755200000,0x000000d755300000)]
  0x000002c885fbd800 JavaThread "Unconstrained build operations" [_thread_blocked, id=10596, stack(0x000000d755300000,0x000000d755400000)]
  0x000002c885fbf000 JavaThread "Unconstrained build operations Thread 2" [_thread_blocked, id=19328, stack(0x000000d755400000,0x000000d755500000)]
  0x000002c885fb9800 JavaThread "Unconstrained build operations Thread 3" [_thread_blocked, id=15604, stack(0x000000d755500000,0x000000d755600000)]
  0x000002c885fbb800 JavaThread "Unconstrained build operations Thread 4" [_thread_blocked, id=14512, stack(0x000000d755600000,0x000000d755700000)]
  0x000002c885fbc800 JavaThread "Unconstrained build operations Thread 5" [_thread_blocked, id=8268, stack(0x000000d755700000,0x000000d755800000)]
  0x000002c885fc0000 JavaThread "Unconstrained build operations Thread 6" [_thread_blocked, id=18924, stack(0x000000d755800000,0x000000d755900000)]
  0x000002c885fba000 JavaThread "Unconstrained build operations Thread 7" [_thread_blocked, id=12088, stack(0x000000d755900000,0x000000d755a00000)]
  0x000002c885fc0800 JavaThread "Unconstrained build operations Thread 8" [_thread_blocked, id=18116, stack(0x000000d755a00000,0x000000d755b00000)]
  0x000002c885fbb000 JavaThread "Unconstrained build operations Thread 9" [_thread_blocked, id=756, stack(0x000000d755b00000,0x000000d755c00000)]
  0x000002c885fc4000 JavaThread "Unconstrained build operations Thread 10" [_thread_blocked, id=17460, stack(0x000000d755c00000,0x000000d755d00000)]
  0x000002c885fc2000 JavaThread "Unconstrained build operations Thread 11" [_thread_blocked, id=3276, stack(0x000000d755d00000,0x000000d755e00000)]
  0x000002c885fc4800 JavaThread "Unconstrained build operations Thread 12" [_thread_blocked, id=13132, stack(0x000000d755e00000,0x000000d755f00000)]
  0x000002c885fc3000 JavaThread "Unconstrained build operations Thread 13" [_thread_blocked, id=12032, stack(0x000000d755f00000,0x000000d756000000)]
  0x000002c885fc5800 JavaThread "Unconstrained build operations Thread 14" [_thread_blocked, id=6804, stack(0x000000d756000000,0x000000d756100000)]
  0x000002c885fc6800 JavaThread "Unconstrained build operations Thread 15" [_thread_blocked, id=6252, stack(0x000000d756100000,0x000000d756200000)]
  0x000002c885fc7000 JavaThread "Unconstrained build operations Thread 16" [_thread_blocked, id=18588, stack(0x000000d756200000,0x000000d756300000)]
  0x000002c885fc1800 JavaThread "Unconstrained build operations Thread 17" [_thread_blocked, id=11224, stack(0x000000d756300000,0x000000d756400000)]
  0x000002c885fc8000 JavaThread "Unconstrained build operations Thread 18" [_thread_blocked, id=11176, stack(0x000000d756400000,0x000000d756500000)]
  0x000002c88574d000 JavaThread "Unconstrained build operations Thread 19" [_thread_blocked, id=7048, stack(0x000000d756500000,0x000000d756600000)]
  0x000002c885751800 JavaThread "Unconstrained build operations Thread 20" [_thread_blocked, id=10068, stack(0x000000d756600000,0x000000d756700000)]
  0x000002c88574e800 JavaThread "Unconstrained build operations Thread 21" [_thread_blocked, id=19308, stack(0x000000d756700000,0x000000d756800000)]
  0x000002c88574d800 JavaThread "Unconstrained build operations Thread 22" [_thread_blocked, id=18496, stack(0x000000d756800000,0x000000d756900000)]
  0x000002c885751000 JavaThread "Unconstrained build operations Thread 23" [_thread_blocked, id=18196, stack(0x000000d756900000,0x000000d756a00000)]
  0x000002c88574f000 JavaThread "Unconstrained build operations Thread 24" [_thread_blocked, id=6432, stack(0x000000d756a00000,0x000000d756b00000)]
  0x000002c885750000 JavaThread "Unconstrained build operations Thread 25" [_thread_blocked, id=3652, stack(0x000000d756b00000,0x000000d756c00000)]
  0x000002c88574c000 JavaThread "Unconstrained build operations Thread 26" [_thread_blocked, id=9024, stack(0x000000d756c00000,0x000000d756d00000)]
  0x000002c885754000 JavaThread "Unconstrained build operations Thread 27" [_thread_blocked, id=19292, stack(0x000000d756d00000,0x000000d756e00000)]
  0x000002c885756800 JavaThread "Unconstrained build operations Thread 28" [_thread_blocked, id=10180, stack(0x000000d756e00000,0x000000d756f00000)]
  0x000002c885753800 JavaThread "Unconstrained build operations Thread 29" [_thread_blocked, id=1244, stack(0x000000d756f00000,0x000000d757000000)]
  0x000002c885755000 JavaThread "Unconstrained build operations Thread 30" [_thread_blocked, id=7636, stack(0x000000d757000000,0x000000d757100000)]
  0x000002c885756000 JavaThread "Unconstrained build operations Thread 31" [_thread_blocked, id=18128, stack(0x000000d757100000,0x000000d757200000)]
  0x000002c885757800 JavaThread "Unconstrained build operations Thread 32" [_thread_blocked, id=18864, stack(0x000000d757200000,0x000000d757300000)]
  0x000002c885758000 JavaThread "Unconstrained build operations Thread 33" [_thread_blocked, id=1316, stack(0x000000d757300000,0x000000d757400000)]
  0x000002c885752800 JavaThread "Unconstrained build operations Thread 34" [_thread_blocked, id=1300, stack(0x000000d757400000,0x000000d757500000)]
  0x000002c885759000 JavaThread "Unconstrained build operations Thread 35" [_thread_blocked, id=10720, stack(0x000000d757500000,0x000000d757600000)]
  0x000002c88575a000 JavaThread "Unconstrained build operations Thread 36" [_thread_blocked, id=17492, stack(0x000000d757600000,0x000000d757700000)]
  0x000002c88575a800 JavaThread "Unconstrained build operations Thread 37" [_thread_blocked, id=18016, stack(0x000000d757700000,0x000000d757800000)]
  0x000002c8829a3000 JavaThread "Unconstrained build operations Thread 38" [_thread_blocked, id=3188, stack(0x000000d757800000,0x000000d757900000)]
  0x000002c8829a6000 JavaThread "Unconstrained build operations Thread 39" [_thread_blocked, id=572, stack(0x000000d757900000,0x000000d757a00000)]
  0x000002c8829a7800 JavaThread "Unconstrained build operations Thread 40" [_thread_blocked, id=4064, stack(0x000000d757a00000,0x000000d757b00000)]
  0x000002c8829a4800 JavaThread "Unconstrained build operations Thread 41" [_thread_blocked, id=18832, stack(0x000000d757b00000,0x000000d757c00000)]
  0x000002c8829a3800 JavaThread "Unconstrained build operations Thread 42" [_thread_blocked, id=10440, stack(0x000000d757c00000,0x000000d757d00000)]
  0x000002c8829ab000 JavaThread "Unconstrained build operations Thread 43" [_thread_blocked, id=18096, stack(0x000000d757d00000,0x000000d757e00000)]
  0x000002c8829a5000 JavaThread "Unconstrained build operations Thread 44" [_thread_blocked, id=4276, stack(0x000000d757e00000,0x000000d757f00000)]
  0x000002c8829a9800 JavaThread "Unconstrained build operations Thread 45" [_thread_blocked, id=19428, stack(0x000000d757f00000,0x000000d758000000)]
  0x000002c8829aa000 JavaThread "Unconstrained build operations Thread 46" [_thread_blocked, id=7812, stack(0x000000d758000000,0x000000d758100000)]
  0x000002c8829ab800 JavaThread "Unconstrained build operations Thread 47" [_thread_blocked, id=9888, stack(0x000000d758100000,0x000000d758200000)]
  0x000002c8829ac800 JavaThread "Unconstrained build operations Thread 48" [_thread_blocked, id=11344, stack(0x000000d758200000,0x000000d758300000)]
  0x000002c8829a7000 JavaThread "Unconstrained build operations Thread 49" [_thread_blocked, id=19020, stack(0x000000d758300000,0x000000d758400000)]
  0x000002c8829ae000 JavaThread "Unconstrained build operations Thread 50" [_thread_blocked, id=6956, stack(0x000000d758400000,0x000000d758500000)]
  0x000002c8829ad800 JavaThread "Unconstrained build operations Thread 51" [_thread_blocked, id=18856, stack(0x000000d758500000,0x000000d758600000)]
  0x000002c8829a8800 JavaThread "Unconstrained build operations Thread 52" [_thread_blocked, id=18504, stack(0x000000d758600000,0x000000d758700000)]
  0x000002c8829af000 JavaThread "Unconstrained build operations Thread 53" [_thread_blocked, id=18088, stack(0x000000d758700000,0x000000d758800000)]
  0x000002c8829b0000 JavaThread "Unconstrained build operations Thread 54" [_thread_blocked, id=5004, stack(0x000000d758800000,0x000000d758900000)]
  0x000002c8829b1800 JavaThread "Unconstrained build operations Thread 55" [_thread_blocked, id=11372, stack(0x000000d758900000,0x000000d758a00000)]
  0x000002c8829b0800 JavaThread "Unconstrained build operations Thread 56" [_thread_blocked, id=9816, stack(0x000000d758a00000,0x000000d758b00000)]
  0x000002c88360b000 JavaThread "Unconstrained build operations Thread 57" [_thread_blocked, id=15172, stack(0x000000d758b00000,0x000000d758c00000)]
  0x000002c88360b800 JavaThread "Unconstrained build operations Thread 58" [_thread_blocked, id=17964, stack(0x000000d758c00000,0x000000d758d00000)]
  0x000002c88360c800 JavaThread "Unconstrained build operations Thread 59" [_thread_blocked, id=11376, stack(0x000000d758d00000,0x000000d758e00000)]
  0x000002c88360e000 JavaThread "Unconstrained build operations Thread 60" [_thread_blocked, id=5104, stack(0x000000d758e00000,0x000000d758f00000)]
  0x000002c88360d800 JavaThread "Unconstrained build operations Thread 61" [_thread_blocked, id=16752, stack(0x000000d758f00000,0x000000d759000000)]
  0x000002c883608800 JavaThread "Unconstrained build operations Thread 62" [_thread_blocked, id=17192, stack(0x000000d759000000,0x000000d759100000)]
  0x000002c88360f000 JavaThread "Unconstrained build operations Thread 63" [_thread_blocked, id=17772, stack(0x000000d759100000,0x000000d759200000)]
  0x000002c883609000 JavaThread "Unconstrained build operations Thread 64" [_thread_blocked, id=3308, stack(0x000000d759200000,0x000000d759300000)]
  0x000002c883610000 JavaThread "Unconstrained build operations Thread 65" [_thread_blocked, id=5944, stack(0x000000d759300000,0x000000d759400000)]
  0x000002c88360a000 JavaThread "Unconstrained build operations Thread 66" [_thread_blocked, id=17096, stack(0x000000d759400000,0x000000d759500000)]
  0x000002c883613000 JavaThread "Unconstrained build operations Thread 67" [_thread_blocked, id=12172, stack(0x000000d759500000,0x000000d759600000)]
  0x000002c883615800 JavaThread "Unconstrained build operations Thread 68" [_thread_blocked, id=3548, stack(0x000000d759600000,0x000000d759700000)]
  0x000002c883614000 JavaThread "Unconstrained build operations Thread 69" [_thread_blocked, id=6396, stack(0x000000d759700000,0x000000d759800000)]
  0x000002c883614800 JavaThread "Unconstrained build operations Thread 70" [_thread_blocked, id=19072, stack(0x000000d759800000,0x000000d759900000)]
  0x000002c883616800 JavaThread "Unconstrained build operations Thread 71" [_thread_blocked, id=15880, stack(0x000000d759900000,0x000000d759a00000)]
  0x000002c883610800 JavaThread "Unconstrained build operations Thread 72" [_thread_blocked, id=19288, stack(0x000000d759a00000,0x000000d759b00000)]
  0x000002c883617000 JavaThread "Unconstrained build operations Thread 73" [_thread_blocked, id=17176, stack(0x000000d759b00000,0x000000d759c00000)]
  0x000002c883611800 JavaThread "Unconstrained build operations Thread 74" [_thread_blocked, id=13800, stack(0x000000d759c00000,0x000000d759d00000)]
  0x000002c883612000 JavaThread "Unconstrained build operations Thread 75" [_thread_blocked, id=11140, stack(0x000000d759d00000,0x000000d759e00000)]
  0x000002c885f15800 JavaThread "Unconstrained build operations Thread 76" [_thread_blocked, id=10712, stack(0x000000d759e00000,0x000000d759f00000)]
  0x000002c885f16000 JavaThread "Unconstrained build operations Thread 77" [_thread_blocked, id=4840, stack(0x000000d759f00000,0x000000d75a000000)]
  0x000002c885f14800 JavaThread "Unconstrained build operations Thread 78" [_thread_blocked, id=11752, stack(0x000000d75a000000,0x000000d75a100000)]
  0x000002c885f17000 JavaThread "Unconstrained build operations Thread 79" [_thread_blocked, id=4792, stack(0x000000d75a100000,0x000000d75a200000)]
  0x000002c885f17800 JavaThread "Unconstrained build operations Thread 80" [_thread_blocked, id=16936, stack(0x000000d75a200000,0x000000d75a300000)]
  0x000002c885f1e800 JavaThread "jar transforms Thread 4" [_thread_blocked, id=17972, stack(0x000000d75a300000,0x000000d75a400000)]
  0x000002c885f1a000 JavaThread "jar transforms Thread 5" [_thread_blocked, id=14556, stack(0x000000d75a400000,0x000000d75a500000)]
  0x000002c885f1d800 JavaThread "jar transforms Thread 6" [_thread_blocked, id=18336, stack(0x000000d75a500000,0x000000d75a600000)]
  0x000002c885f18800 JavaThread "jar transforms Thread 7" [_thread_blocked, id=6944, stack(0x000000d75a600000,0x000000d75a700000)]
  0x000002c885f1c800 JavaThread "jar transforms Thread 8" [_thread_blocked, id=13000, stack(0x000000d75a700000,0x000000d75a800000)]

Other Threads:
  0x000002c8ff93a800 VMThread "VM Thread" [stack: 0x000000d752400000,0x000000d752500000] [id=18592]
  0x000002c8ffb28800 WatcherThread [stack: 0x000000d752e00000,0x000000d752f00000] [id=18352]
  0x000002c8e4c76000 GCTaskThread "GC Thread#0" [stack: 0x000000d751f00000,0x000000d752000000] [id=17760]
  0x000002c880a80000 GCTaskThread "GC Thread#1" [stack: 0x000000d753000000,0x000000d753100000] [id=14656]
  0x000002c880798000 GCTaskThread "GC Thread#2" [stack: 0x000000d753100000,0x000000d753200000] [id=2756]
  0x000002c8ffb8b000 GCTaskThread "GC Thread#3" [stack: 0x000000d753200000,0x000000d753300000] [id=17328]
  0x000002c880b5a000 GCTaskThread "GC Thread#4" [stack: 0x000000d753300000,0x000000d753400000] [id=8892]
  0x000002c8808f1000 GCTaskThread "GC Thread#5" [stack: 0x000000d753400000,0x000000d753500000] [id=19124]
  0x000002c8812c0800 GCTaskThread "GC Thread#6" [stack: 0x000000d753700000,0x000000d753800000] [id=2200]
  0x000002c882543800 GCTaskThread "GC Thread#7" [stack: 0x000000d753800000,0x000000d753900000] [id=17892]
  0x000002c8e4ca9800 ConcurrentGCThread "G1 Main Marker" [stack: 0x000000d752000000,0x000000d752100000] [id=9808]
  0x000002c8e4caa800 ConcurrentGCThread "G1 Conc#0" [stack: 0x000000d752100000,0x000000d752200000] [id=7908]
  0x000002c881785800 ConcurrentGCThread "G1 Conc#1" [stack: 0x000000d754300000,0x000000d754400000] [id=11860]
  0x000002c8fef8f000 ConcurrentGCThread "G1 Refine#0" [stack: 0x000000d752200000,0x000000d752300000] [id=19016]
  0x000002c8864e0800 ConcurrentGCThread "G1 Refine#1" [stack: 0x000000d75a800000,0x000000d75a900000] [id=19320]
  0x000002c8e4d3d800 ConcurrentGCThread "G1 Young RemSet Sampling" [stack: 0x000000d752300000,0x000000d752400000] [id=11672]

Threads with active compile tasks:
C2 CompilerThread2   8962 5785       4       org.objectweb.asm.SymbolTable::addConstantMemberReference (147 bytes)

VM state:not at safepoint (normal execution)

VM Mutex/Monitor currently owned by a thread: None

Heap address: 0x0000000080000000, size: 2048 MB, Compressed Oops mode: 32-bit
Narrow klass base: 0x0000000000000000, Narrow klass shift: 3
Compressed class space size: 1073741824 Address: 0x0000000100000000

Heap:
 garbage-first heap   total 262144K, used 53720K [0x0000000080000000, 0x0000000100000000)
  region size 1024K, 24 young (24576K), 19 survivors (19456K)
 Metaspace       used 55474K, capacity 56840K, committed 57160K, reserved 1099776K
  class space    used 7038K, capacity 7535K, committed 7628K, reserved 1048576K
Heap Regions: E=young(eden), S=young(survivor), O=old, HS=humongous(starts), HC=humongous(continues), CS=collection set, F=free, A=archive, TAMS=top-at-mark-start (previous, next)
|   0|0x0000000080000000, 0x0000000080100000, 0x0000000080100000|100%| O|  |TAMS 0x0000000080100000, 0x0000000080000000| Untracked 
|   1|0x0000000080100000, 0x0000000080200000, 0x0000000080200000|100%| O|  |TAMS 0x0000000080200000, 0x0000000080100000| Untracked 
|   2|0x0000000080200000, 0x0000000080300000, 0x0000000080300000|100%| O|  |TAMS 0x0000000080300000, 0x0000000080200000| Untracked 
|   3|0x0000000080300000, 0x0000000080400000, 0x0000000080400000|100%|HS|  |TAMS 0x0000000080400000, 0x0000000080300000| Complete 
|   4|0x0000000080400000, 0x0000000080500000, 0x0000000080500000|100%|HC|  |TAMS 0x0000000080500000, 0x0000000080400000| Complete 
|   5|0x0000000080500000, 0x0000000080600000, 0x0000000080600000|100%|HC|  |TAMS 0x0000000080600000, 0x0000000080500000| Complete 
|   6|0x0000000080600000, 0x0000000080700000, 0x0000000080700000|100%| O|  |TAMS 0x0000000080700000, 0x0000000080600000| Untracked 
|   7|0x0000000080700000, 0x0000000080800000, 0x0000000080800000|100%| O|  |TAMS 0x0000000080800000, 0x0000000080700000| Untracked 
|   8|0x0000000080800000, 0x0000000080900000, 0x0000000080900000|100%| O|  |TAMS 0x0000000080900000, 0x0000000080800000| Untracked 
|   9|0x0000000080900000, 0x0000000080a00000, 0x0000000080a00000|100%| O|  |TAMS 0x0000000080a00000, 0x0000000080900000| Untracked 
|  10|0x0000000080a00000, 0x0000000080b00000, 0x0000000080b00000|100%| O|  |TAMS 0x0000000080b00000, 0x0000000080a00000| Untracked 
|  11|0x0000000080b00000, 0x0000000080c00000, 0x0000000080c00000|100%| O|  |TAMS 0x0000000080c00000, 0x0000000080b00000| Untracked 
|  12|0x0000000080c00000, 0x0000000080d00000, 0x0000000080d00000|100%| O|  |TAMS 0x0000000080d00000, 0x0000000080c00000| Untracked 
|  13|0x0000000080d00000, 0x0000000080e00000, 0x0000000080e00000|100%| O|  |TAMS 0x0000000080e00000, 0x0000000080d00000| Untracked 
|  14|0x0000000080e00000, 0x0000000080f00000, 0x0000000080f00000|100%| O|  |TAMS 0x0000000080f00000, 0x0000000080e00000| Untracked 
|  15|0x0000000080f00000, 0x0000000081000000, 0x0000000081000000|100%| O|  |TAMS 0x0000000080f0fc00, 0x0000000080f00000| Untracked 
|  16|0x0000000081000000, 0x0000000081100000, 0x0000000081100000|100%|HS|  |TAMS 0x0000000081000000, 0x0000000081000000| Complete 
|  17|0x0000000081100000, 0x0000000081200000, 0x0000000081200000|100%|HS|  |TAMS 0x0000000081100000, 0x0000000081100000| Complete 
|  18|0x0000000081200000, 0x0000000081300000, 0x0000000081300000|100%|HS|  |TAMS 0x0000000081200000, 0x0000000081200000| Complete 
|  19|0x0000000081300000, 0x0000000081400000, 0x0000000081400000|100%|HS|  |TAMS 0x0000000081300000, 0x0000000081300000| Complete 
|  20|0x0000000081400000, 0x0000000081500000, 0x0000000081500000|100%|HS|  |TAMS 0x0000000081400000, 0x0000000081400000| Complete 
|  21|0x0000000081500000, 0x0000000081600000, 0x0000000081600000|100%|HC|  |TAMS 0x0000000081500000, 0x0000000081500000| Complete 
|  22|0x0000000081600000, 0x0000000081700000, 0x0000000081700000|100%|HC|  |TAMS 0x0000000081600000, 0x0000000081600000| Complete 
|  23|0x0000000081700000, 0x0000000081800000, 0x0000000081800000|100%|HS|  |TAMS 0x0000000081700000, 0x0000000081700000| Complete 
|  24|0x0000000081800000, 0x0000000081900000, 0x0000000081900000|100%|HC|  |TAMS 0x0000000081800000, 0x0000000081800000| Complete 
|  25|0x0000000081900000, 0x0000000081a00000, 0x0000000081a00000|100%| O|  |TAMS 0x0000000081900000, 0x0000000081900000| Untracked 
|  26|0x0000000081a00000, 0x0000000081b00000, 0x0000000081b00000|100%| O|  |TAMS 0x0000000081a00000, 0x0000000081a00000| Untracked 
|  27|0x0000000081b00000, 0x0000000081c00000, 0x0000000081c00000|100%| O|  |TAMS 0x0000000081b00000, 0x0000000081b00000| Untracked 
|  28|0x0000000081c00000, 0x0000000081d00000, 0x0000000081d00000|100%| O|  |TAMS 0x0000000081c00000, 0x0000000081c00000| Untracked 
|  29|0x0000000081d00000, 0x0000000081d76200, 0x0000000081e00000| 46%| O|  |TAMS 0x0000000081d00000, 0x0000000081d00000| Untracked 
|  30|0x0000000081e00000, 0x0000000081e00000, 0x0000000081f00000|  0%| F|  |TAMS 0x0000000081e00000, 0x0000000081e00000| Untracked 
|  31|0x0000000081f00000, 0x0000000081f00000, 0x0000000082000000|  0%| F|  |TAMS 0x0000000081f00000, 0x0000000081f00000| Untracked 
|  32|0x0000000082000000, 0x0000000082000000, 0x0000000082100000|  0%| F|  |TAMS 0x0000000082000000, 0x0000000082000000| Untracked 
|  33|0x0000000082100000, 0x0000000082100000, 0x0000000082200000|  0%| F|  |TAMS 0x0000000082100000, 0x0000000082100000| Untracked 
|  34|0x0000000082200000, 0x0000000082200000, 0x0000000082300000|  0%| F|  |TAMS 0x0000000082200000, 0x0000000082200000| Untracked 
|  35|0x0000000082300000, 0x0000000082300000, 0x0000000082400000|  0%| F|  |TAMS 0x0000000082300000, 0x0000000082300000| Untracked 
|  36|0x0000000082400000, 0x0000000082400000, 0x0000000082500000|  0%| F|  |TAMS 0x0000000082400000, 0x0000000082400000| Untracked 
|  37|0x0000000082500000, 0x0000000082500000, 0x0000000082600000|  0%| F|  |TAMS 0x0000000082500000, 0x0000000082500000| Untracked 
|  38|0x0000000082600000, 0x0000000082600000, 0x0000000082700000|  0%| F|  |TAMS 0x0000000082600000, 0x0000000082600000| Untracked 
|  39|0x0000000082700000, 0x0000000082700000, 0x0000000082800000|  0%| F|  |TAMS 0x0000000082700000, 0x0000000082700000| Untracked 
|  40|0x0000000082800000, 0x0000000082800000, 0x0000000082900000|  0%| F|  |TAMS 0x0000000082800000, 0x0000000082800000| Untracked 
|  41|0x0000000082900000, 0x0000000082900000, 0x0000000082a00000|  0%| F|  |TAMS 0x0000000082900000, 0x0000000082900000| Untracked 
|  42|0x0000000082a00000, 0x0000000082a00000, 0x0000000082b00000|  0%| F|  |TAMS 0x0000000082a00000, 0x0000000082a00000| Untracked 
|  43|0x0000000082b00000, 0x0000000082b00000, 0x0000000082c00000|  0%| F|  |TAMS 0x0000000082b00000, 0x0000000082b00000| Untracked 
|  44|0x0000000082c00000, 0x0000000082c00000, 0x0000000082d00000|  0%| F|  |TAMS 0x0000000082c00000, 0x0000000082c00000| Untracked 
|  45|0x0000000082d00000, 0x0000000082d00000, 0x0000000082e00000|  0%| F|  |TAMS 0x0000000082d00000, 0x0000000082d00000| Untracked 
|  46|0x0000000082e00000, 0x0000000082e00000, 0x0000000082f00000|  0%| F|  |TAMS 0x0000000082e00000, 0x0000000082e00000| Untracked 
|  47|0x0000000082f00000, 0x0000000082f00000, 0x0000000083000000|  0%| F|  |TAMS 0x0000000082f00000, 0x0000000082f00000| Untracked 
|  48|0x0000000083000000, 0x0000000083000000, 0x0000000083100000|  0%| F|  |TAMS 0x0000000083000000, 0x0000000083000000| Untracked 
|  49|0x0000000083100000, 0x0000000083100000, 0x0000000083200000|  0%| F|  |TAMS 0x0000000083100000, 0x0000000083100000| Untracked 
|  50|0x0000000083200000, 0x0000000083200000, 0x0000000083300000|  0%| F|  |TAMS 0x0000000083200000, 0x0000000083200000| Untracked 
|  51|0x0000000083300000, 0x0000000083300000, 0x0000000083400000|  0%| F|  |TAMS 0x0000000083300000, 0x0000000083300000| Untracked 
|  52|0x0000000083400000, 0x0000000083400000, 0x0000000083500000|  0%| F|  |TAMS 0x0000000083400000, 0x0000000083400000| Untracked 
|  53|0x0000000083500000, 0x0000000083500000, 0x0000000083600000|  0%| F|  |TAMS 0x0000000083500000, 0x0000000083500000| Untracked 
|  54|0x0000000083600000, 0x0000000083600000, 0x0000000083700000|  0%| F|  |TAMS 0x0000000083600000, 0x0000000083600000| Untracked 
|  55|0x0000000083700000, 0x0000000083700000, 0x0000000083800000|  0%| F|  |TAMS 0x0000000083700000, 0x0000000083700000| Untracked 
|  56|0x0000000083800000, 0x0000000083800000, 0x0000000083900000|  0%| F|  |TAMS 0x0000000083800000, 0x0000000083800000| Untracked 
|  57|0x0000000083900000, 0x0000000083900000, 0x0000000083a00000|  0%| F|  |TAMS 0x0000000083900000, 0x0000000083900000| Untracked 
|  58|0x0000000083a00000, 0x0000000083a00000, 0x0000000083b00000|  0%| F|  |TAMS 0x0000000083a00000, 0x0000000083a00000| Untracked 
|  59|0x0000000083b00000, 0x0000000083b00000, 0x0000000083c00000|  0%| F|  |TAMS 0x0000000083b00000, 0x0000000083b00000| Untracked 
|  60|0x0000000083c00000, 0x0000000083c00000, 0x0000000083d00000|  0%| F|  |TAMS 0x0000000083c00000, 0x0000000083c00000| Untracked 
|  61|0x0000000083d00000, 0x0000000083d00000, 0x0000000083e00000|  0%| F|  |TAMS 0x0000000083d00000, 0x0000000083d00000| Untracked 
|  62|0x0000000083e00000, 0x0000000083e00000, 0x0000000083f00000|  0%| F|  |TAMS 0x0000000083e00000, 0x0000000083e00000| Untracked 
|  63|0x0000000083f00000, 0x0000000083f00000, 0x0000000084000000|  0%| F|  |TAMS 0x0000000083f00000, 0x0000000083f00000| Untracked 
|  64|0x0000000084000000, 0x0000000084000000, 0x0000000084100000|  0%| F|  |TAMS 0x0000000084000000, 0x0000000084000000| Untracked 
|  65|0x0000000084100000, 0x0000000084100000, 0x0000000084200000|  0%| F|  |TAMS 0x0000000084100000, 0x0000000084100000| Untracked 
|  66|0x0000000084200000, 0x0000000084200000, 0x0000000084300000|  0%| F|  |TAMS 0x0000000084200000, 0x0000000084200000| Untracked 
|  67|0x0000000084300000, 0x0000000084300000, 0x0000000084400000|  0%| F|  |TAMS 0x0000000084300000, 0x0000000084300000| Untracked 
|  68|0x0000000084400000, 0x0000000084400000, 0x0000000084500000|  0%| F|  |TAMS 0x0000000084400000, 0x0000000084400000| Untracked 
|  69|0x0000000084500000, 0x0000000084500000, 0x0000000084600000|  0%| F|  |TAMS 0x0000000084500000, 0x0000000084500000| Untracked 
|  70|0x0000000084600000, 0x0000000084600000, 0x0000000084700000|  0%| F|  |TAMS 0x0000000084600000, 0x0000000084600000| Untracked 
|  71|0x0000000084700000, 0x0000000084700000, 0x0000000084800000|  0%| F|  |TAMS 0x0000000084700000, 0x0000000084700000| Untracked 
|  72|0x0000000084800000, 0x0000000084800000, 0x0000000084900000|  0%| F|  |TAMS 0x0000000084800000, 0x0000000084800000| Untracked 
|  73|0x0000000084900000, 0x0000000084900000, 0x0000000084a00000|  0%| F|  |TAMS 0x0000000084900000, 0x0000000084900000| Untracked 
|  74|0x0000000084a00000, 0x0000000084a00000, 0x0000000084b00000|  0%| F|  |TAMS 0x0000000084a00000, 0x0000000084a00000| Untracked 
|  75|0x0000000084b00000, 0x0000000084b00000, 0x0000000084c00000|  0%| F|  |TAMS 0x0000000084b00000, 0x0000000084b00000| Untracked 
|  76|0x0000000084c00000, 0x0000000084c00000, 0x0000000084d00000|  0%| F|  |TAMS 0x0000000084c00000, 0x0000000084c00000| Untracked 
|  77|0x0000000084d00000, 0x0000000084d00000, 0x0000000084e00000|  0%| F|  |TAMS 0x0000000084d00000, 0x0000000084d00000| Untracked 
|  78|0x0000000084e00000, 0x0000000084e00000, 0x0000000084f00000|  0%| F|  |TAMS 0x0000000084e00000, 0x0000000084e00000| Untracked 
|  79|0x0000000084f00000, 0x0000000084f00000, 0x0000000085000000|  0%| F|  |TAMS 0x0000000084f00000, 0x0000000084f00000| Untracked 
|  80|0x0000000085000000, 0x0000000085000000, 0x0000000085100000|  0%| F|  |TAMS 0x0000000085000000, 0x0000000085000000| Untracked 
|  81|0x0000000085100000, 0x0000000085100000, 0x0000000085200000|  0%| F|  |TAMS 0x0000000085100000, 0x0000000085100000| Untracked 
|  82|0x0000000085200000, 0x0000000085200000, 0x0000000085300000|  0%| F|  |TAMS 0x0000000085200000, 0x0000000085200000| Untracked 
|  83|0x0000000085300000, 0x0000000085300000, 0x0000000085400000|  0%| F|  |TAMS 0x0000000085300000, 0x0000000085300000| Untracked 
|  84|0x0000000085400000, 0x0000000085400000, 0x0000000085500000|  0%| F|  |TAMS 0x0000000085400000, 0x0000000085400000| Untracked 
|  85|0x0000000085500000, 0x0000000085500000, 0x0000000085600000|  0%| F|  |TAMS 0x0000000085500000, 0x0000000085500000| Untracked 
|  86|0x0000000085600000, 0x0000000085600000, 0x0000000085700000|  0%| F|  |TAMS 0x0000000085600000, 0x0000000085600000| Untracked 
|  87|0x0000000085700000, 0x0000000085700000, 0x0000000085800000|  0%| F|  |TAMS 0x0000000085700000, 0x0000000085700000| Untracked 
|  88|0x0000000085800000, 0x0000000085800000, 0x0000000085900000|  0%| F|  |TAMS 0x0000000085800000, 0x0000000085800000| Untracked 
|  89|0x0000000085900000, 0x0000000085900000, 0x0000000085a00000|  0%| F|  |TAMS 0x0000000085900000, 0x0000000085900000| Untracked 
|  90|0x0000000085a00000, 0x0000000085a00000, 0x0000000085b00000|  0%| F|  |TAMS 0x0000000085a00000, 0x0000000085a00000| Untracked 
|  91|0x0000000085b00000, 0x0000000085c00000, 0x0000000085c00000|100%| S|CS|TAMS 0x0000000085b00000, 0x0000000085b00000| Complete 
|  92|0x0000000085c00000, 0x0000000085d00000, 0x0000000085d00000|100%| S|CS|TAMS 0x0000000085c00000, 0x0000000085c00000| Complete 
|  93|0x0000000085d00000, 0x0000000085e00000, 0x0000000085e00000|100%| S|CS|TAMS 0x0000000085d00000, 0x0000000085d00000| Complete 
|  94|0x0000000085e00000, 0x0000000085f00000, 0x0000000085f00000|100%| S|CS|TAMS 0x0000000085e00000, 0x0000000085e00000| Complete 
|  95|0x0000000085f00000, 0x0000000086000000, 0x0000000086000000|100%| S|CS|TAMS 0x0000000085f00000, 0x0000000085f00000| Complete 
|  96|0x0000000086000000, 0x0000000086100000, 0x0000000086100000|100%| S|CS|TAMS 0x0000000086000000, 0x0000000086000000| Complete 
|  97|0x0000000086100000, 0x0000000086200000, 0x0000000086200000|100%| S|CS|TAMS 0x0000000086100000, 0x0000000086100000| Complete 
|  98|0x0000000086200000, 0x0000000086300000, 0x0000000086300000|100%| S|CS|TAMS 0x0000000086200000, 0x0000000086200000| Complete 
|  99|0x0000000086300000, 0x0000000086400000, 0x0000000086400000|100%| S|CS|TAMS 0x0000000086300000, 0x0000000086300000| Complete 
| 100|0x0000000086400000, 0x0000000086500000, 0x0000000086500000|100%| S|CS|TAMS 0x0000000086400000, 0x0000000086400000| Complete 
| 101|0x0000000086500000, 0x0000000086600000, 0x0000000086600000|100%| S|CS|TAMS 0x0000000086500000, 0x0000000086500000| Complete 
| 102|0x0000000086600000, 0x0000000086700000, 0x0000000086700000|100%| S|CS|TAMS 0x0000000086600000, 0x0000000086600000| Complete 
| 103|0x0000000086700000, 0x0000000086800000, 0x0000000086800000|100%| S|CS|TAMS 0x0000000086700000, 0x0000000086700000| Complete 
| 104|0x0000000086800000, 0x0000000086900000, 0x0000000086900000|100%| S|CS|TAMS 0x0000000086800000, 0x0000000086800000| Complete 
| 105|0x0000000086900000, 0x0000000086a00000, 0x0000000086a00000|100%| S|CS|TAMS 0x0000000086900000, 0x0000000086900000| Complete 
| 106|0x0000000086a00000, 0x0000000086b00000, 0x0000000086b00000|100%| S|CS|TAMS 0x0000000086a00000, 0x0000000086a00000| Complete 
| 107|0x0000000086b00000, 0x0000000086c00000, 0x0000000086c00000|100%| S|CS|TAMS 0x0000000086b00000, 0x0000000086b00000| Complete 
| 108|0x0000000086c00000, 0x0000000086d00000, 0x0000000086d00000|100%| S|CS|TAMS 0x0000000086c00000, 0x0000000086c00000| Complete 
| 109|0x0000000086d00000, 0x0000000086e00000, 0x0000000086e00000|100%| S|CS|TAMS 0x0000000086d00000, 0x0000000086d00000| Complete 
| 110|0x0000000086e00000, 0x0000000086e00000, 0x0000000086f00000|  0%| F|  |TAMS 0x0000000086e00000, 0x0000000086e00000| Untracked 
| 111|0x0000000086f00000, 0x0000000086f00000, 0x0000000087000000|  0%| F|  |TAMS 0x0000000086f00000, 0x0000000086f00000| Untracked 
| 112|0x0000000087000000, 0x0000000087000000, 0x0000000087100000|  0%| F|  |TAMS 0x0000000087000000, 0x0000000087000000| Untracked 
| 113|0x0000000087100000, 0x0000000087100000, 0x0000000087200000|  0%| F|  |TAMS 0x0000000087100000, 0x0000000087100000| Untracked 
| 114|0x0000000087200000, 0x0000000087200000, 0x0000000087300000|  0%| F|  |TAMS 0x0000000087200000, 0x0000000087200000| Untracked 
| 115|0x0000000087300000, 0x0000000087300000, 0x0000000087400000|  0%| F|  |TAMS 0x0000000087300000, 0x0000000087300000| Untracked 
| 116|0x0000000087400000, 0x0000000087400000, 0x0000000087500000|  0%| F|  |TAMS 0x0000000087400000, 0x0000000087400000| Untracked 
| 117|0x0000000087500000, 0x0000000087500000, 0x0000000087600000|  0%| F|  |TAMS 0x0000000087500000, 0x0000000087500000| Untracked 
| 118|0x0000000087600000, 0x0000000087600000, 0x0000000087700000|  0%| F|  |TAMS 0x0000000087600000, 0x0000000087600000| Untracked 
| 119|0x0000000087700000, 0x0000000087700000, 0x0000000087800000|  0%| F|  |TAMS 0x0000000087700000, 0x0000000087700000| Untracked 
| 120|0x0000000087800000, 0x0000000087800000, 0x0000000087900000|  0%| F|  |TAMS 0x0000000087800000, 0x0000000087800000| Untracked 
| 121|0x0000000087900000, 0x0000000087900000, 0x0000000087a00000|  0%| F|  |TAMS 0x0000000087900000, 0x0000000087900000| Untracked 
| 122|0x0000000087a00000, 0x0000000087a00000, 0x0000000087b00000|  0%| F|  |TAMS 0x0000000087a00000, 0x0000000087a00000| Untracked 
| 123|0x0000000087b00000, 0x0000000087b00000, 0x0000000087c00000|  0%| F|  |TAMS 0x0000000087b00000, 0x0000000087b00000| Untracked 
| 124|0x0000000087c00000, 0x0000000087c00000, 0x0000000087d00000|  0%| F|  |TAMS 0x0000000087c00000, 0x0000000087c00000| Untracked 
| 125|0x0000000087d00000, 0x0000000087d00000, 0x0000000087e00000|  0%| F|  |TAMS 0x0000000087d00000, 0x0000000087d00000| Untracked 
| 126|0x0000000087e00000, 0x0000000087e00000, 0x0000000087f00000|  0%| F|  |TAMS 0x0000000087e00000, 0x0000000087e00000| Untracked 
| 127|0x0000000087f00000, 0x0000000087f00000, 0x0000000088000000|  0%| F|  |TAMS 0x0000000087f00000, 0x0000000087f00000| Untracked 
| 128|0x0000000088000000, 0x0000000088000000, 0x0000000088100000|  0%| F|  |TAMS 0x0000000088000000, 0x0000000088000000| Untracked 
| 129|0x0000000088100000, 0x0000000088100000, 0x0000000088200000|  0%| F|  |TAMS 0x0000000088100000, 0x0000000088100000| Untracked 
| 130|0x0000000088200000, 0x0000000088200000, 0x0000000088300000|  0%| F|  |TAMS 0x0000000088200000, 0x0000000088200000| Untracked 
| 131|0x0000000088300000, 0x0000000088300000, 0x0000000088400000|  0%| F|  |TAMS 0x0000000088300000, 0x0000000088300000| Untracked 
| 132|0x0000000088400000, 0x0000000088400000, 0x0000000088500000|  0%| F|  |TAMS 0x0000000088400000, 0x0000000088400000| Untracked 
| 133|0x0000000088500000, 0x0000000088500000, 0x0000000088600000|  0%| F|  |TAMS 0x0000000088500000, 0x0000000088500000| Untracked 
| 134|0x0000000088600000, 0x0000000088600000, 0x0000000088700000|  0%| F|  |TAMS 0x0000000088600000, 0x0000000088600000| Untracked 
| 135|0x0000000088700000, 0x0000000088700000, 0x0000000088800000|  0%| F|  |TAMS 0x0000000088700000, 0x0000000088700000| Untracked 
| 136|0x0000000088800000, 0x0000000088800000, 0x0000000088900000|  0%| F|  |TAMS 0x0000000088800000, 0x0000000088800000| Untracked 
| 137|0x0000000088900000, 0x0000000088900000, 0x0000000088a00000|  0%| F|  |TAMS 0x0000000088900000, 0x0000000088900000| Untracked 
| 138|0x0000000088a00000, 0x0000000088a00000, 0x0000000088b00000|  0%| F|  |TAMS 0x0000000088a00000, 0x0000000088a00000| Untracked 
| 139|0x0000000088b00000, 0x0000000088b00000, 0x0000000088c00000|  0%| F|  |TAMS 0x0000000088b00000, 0x0000000088b00000| Untracked 
| 140|0x0000000088c00000, 0x0000000088c00000, 0x0000000088d00000|  0%| F|  |TAMS 0x0000000088c00000, 0x0000000088c00000| Untracked 
| 141|0x0000000088d00000, 0x0000000088d00000, 0x0000000088e00000|  0%| F|  |TAMS 0x0000000088d00000, 0x0000000088d00000| Untracked 
| 142|0x0000000088e00000, 0x0000000088e00000, 0x0000000088f00000|  0%| F|  |TAMS 0x0000000088e00000, 0x0000000088e00000| Untracked 
| 143|0x0000000088f00000, 0x0000000088f00000, 0x0000000089000000|  0%| F|  |TAMS 0x0000000088f00000, 0x0000000088f00000| Untracked 
| 144|0x0000000089000000, 0x0000000089000000, 0x0000000089100000|  0%| F|  |TAMS 0x0000000089000000, 0x0000000089000000| Untracked 
| 145|0x0000000089100000, 0x0000000089100000, 0x0000000089200000|  0%| F|  |TAMS 0x0000000089100000, 0x0000000089100000| Untracked 
| 146|0x0000000089200000, 0x0000000089200000, 0x0000000089300000|  0%| F|  |TAMS 0x0000000089200000, 0x0000000089200000| Untracked 
| 147|0x0000000089300000, 0x0000000089300000, 0x0000000089400000|  0%| F|  |TAMS 0x0000000089300000, 0x0000000089300000| Untracked 
| 148|0x0000000089400000, 0x0000000089400000, 0x0000000089500000|  0%| F|  |TAMS 0x0000000089400000, 0x0000000089400000| Untracked 
| 149|0x0000000089500000, 0x0000000089500000, 0x0000000089600000|  0%| F|  |TAMS 0x0000000089500000, 0x0000000089500000| Untracked 
| 150|0x0000000089600000, 0x0000000089600000, 0x0000000089700000|  0%| F|  |TAMS 0x0000000089600000, 0x0000000089600000| Untracked 
| 151|0x0000000089700000, 0x0000000089700000, 0x0000000089800000|  0%| F|  |TAMS 0x0000000089700000, 0x0000000089700000| Untracked 
| 152|0x0000000089800000, 0x0000000089800000, 0x0000000089900000|  0%| F|  |TAMS 0x0000000089800000, 0x0000000089800000| Untracked 
| 153|0x0000000089900000, 0x0000000089900000, 0x0000000089a00000|  0%| F|  |TAMS 0x0000000089900000, 0x0000000089900000| Untracked 
| 154|0x0000000089a00000, 0x0000000089a00000, 0x0000000089b00000|  0%| F|  |TAMS 0x0000000089a00000, 0x0000000089a00000| Untracked 
| 155|0x0000000089b00000, 0x0000000089b00000, 0x0000000089c00000|  0%| F|  |TAMS 0x0000000089b00000, 0x0000000089b00000| Untracked 
| 156|0x0000000089c00000, 0x0000000089c00000, 0x0000000089d00000|  0%| F|  |TAMS 0x0000000089c00000, 0x0000000089c00000| Untracked 
| 157|0x0000000089d00000, 0x0000000089d00000, 0x0000000089e00000|  0%| F|  |TAMS 0x0000000089d00000, 0x0000000089d00000| Untracked 
| 158|0x0000000089e00000, 0x0000000089e00000, 0x0000000089f00000|  0%| F|  |TAMS 0x0000000089e00000, 0x0000000089e00000| Untracked 
| 159|0x0000000089f00000, 0x0000000089f00000, 0x000000008a000000|  0%| F|  |TAMS 0x0000000089f00000, 0x0000000089f00000| Untracked 
| 160|0x000000008a000000, 0x000000008a000000, 0x000000008a100000|  0%| F|  |TAMS 0x000000008a000000, 0x000000008a000000| Untracked 
| 161|0x000000008a100000, 0x000000008a100000, 0x000000008a200000|  0%| F|  |TAMS 0x000000008a100000, 0x000000008a100000| Untracked 
| 162|0x000000008a200000, 0x000000008a200000, 0x000000008a300000|  0%| F|  |TAMS 0x000000008a200000, 0x000000008a200000| Untracked 
| 163|0x000000008a300000, 0x000000008a300000, 0x000000008a400000|  0%| F|  |TAMS 0x000000008a300000, 0x000000008a300000| Untracked 
| 164|0x000000008a400000, 0x000000008a400000, 0x000000008a500000|  0%| F|  |TAMS 0x000000008a400000, 0x000000008a400000| Untracked 
| 165|0x000000008a500000, 0x000000008a500000, 0x000000008a600000|  0%| F|  |TAMS 0x000000008a500000, 0x000000008a500000| Untracked 
| 166|0x000000008a600000, 0x000000008a600000, 0x000000008a700000|  0%| F|  |TAMS 0x000000008a600000, 0x000000008a600000| Untracked 
| 167|0x000000008a700000, 0x000000008a700000, 0x000000008a800000|  0%| F|  |TAMS 0x000000008a700000, 0x000000008a700000| Untracked 
| 168|0x000000008a800000, 0x000000008a800000, 0x000000008a900000|  0%| F|  |TAMS 0x000000008a800000, 0x000000008a800000| Untracked 
| 169|0x000000008a900000, 0x000000008a900000, 0x000000008aa00000|  0%| F|  |TAMS 0x000000008a900000, 0x000000008a900000| Untracked 
| 170|0x000000008aa00000, 0x000000008aa00000, 0x000000008ab00000|  0%| F|  |TAMS 0x000000008aa00000, 0x000000008aa00000| Untracked 
| 171|0x000000008ab00000, 0x000000008ab00000, 0x000000008ac00000|  0%| F|  |TAMS 0x000000008ab00000, 0x000000008ab00000| Untracked 
| 172|0x000000008ac00000, 0x000000008ac00000, 0x000000008ad00000|  0%| F|  |TAMS 0x000000008ac00000, 0x000000008ac00000| Untracked 
| 173|0x000000008ad00000, 0x000000008ad00000, 0x000000008ae00000|  0%| F|  |TAMS 0x000000008ad00000, 0x000000008ad00000| Untracked 
| 174|0x000000008ae00000, 0x000000008ae00000, 0x000000008af00000|  0%| F|  |TAMS 0x000000008ae00000, 0x000000008ae00000| Untracked 
| 175|0x000000008af00000, 0x000000008af00000, 0x000000008b000000|  0%| F|  |TAMS 0x000000008af00000, 0x000000008af00000| Untracked 
| 176|0x000000008b000000, 0x000000008b000000, 0x000000008b100000|  0%| F|  |TAMS 0x000000008b000000, 0x000000008b000000| Untracked 
| 177|0x000000008b100000, 0x000000008b100000, 0x000000008b200000|  0%| F|  |TAMS 0x000000008b100000, 0x000000008b100000| Untracked 
| 178|0x000000008b200000, 0x000000008b200000, 0x000000008b300000|  0%| F|  |TAMS 0x000000008b200000, 0x000000008b200000| Untracked 
| 179|0x000000008b300000, 0x000000008b300000, 0x000000008b400000|  0%| F|  |TAMS 0x000000008b300000, 0x000000008b300000| Untracked 
| 180|0x000000008b400000, 0x000000008b400000, 0x000000008b500000|  0%| F|  |TAMS 0x000000008b400000, 0x000000008b400000| Untracked 
| 181|0x000000008b500000, 0x000000008b500000, 0x000000008b600000|  0%| F|  |TAMS 0x000000008b500000, 0x000000008b500000| Untracked 
| 182|0x000000008b600000, 0x000000008b600000, 0x000000008b700000|  0%| F|  |TAMS 0x000000008b600000, 0x000000008b600000| Untracked 
| 183|0x000000008b700000, 0x000000008b700000, 0x000000008b800000|  0%| F|  |TAMS 0x000000008b700000, 0x000000008b700000| Untracked 
| 184|0x000000008b800000, 0x000000008b800000, 0x000000008b900000|  0%| F|  |TAMS 0x000000008b800000, 0x000000008b800000| Untracked 
| 185|0x000000008b900000, 0x000000008b900000, 0x000000008ba00000|  0%| F|  |TAMS 0x000000008b900000, 0x000000008b900000| Untracked 
| 186|0x000000008ba00000, 0x000000008ba00000, 0x000000008bb00000|  0%| F|  |TAMS 0x000000008ba00000, 0x000000008ba00000| Untracked 
| 187|0x000000008bb00000, 0x000000008bb00000, 0x000000008bc00000|  0%| F|  |TAMS 0x000000008bb00000, 0x000000008bb00000| Untracked 
| 188|0x000000008bc00000, 0x000000008bc00000, 0x000000008bd00000|  0%| F|  |TAMS 0x000000008bc00000, 0x000000008bc00000| Untracked 
| 189|0x000000008bd00000, 0x000000008bd00000, 0x000000008be00000|  0%| F|  |TAMS 0x000000008bd00000, 0x000000008bd00000| Untracked 
| 190|0x000000008be00000, 0x000000008be00000, 0x000000008bf00000|  0%| F|  |TAMS 0x000000008be00000, 0x000000008be00000| Untracked 
| 191|0x000000008bf00000, 0x000000008bf00000, 0x000000008c000000|  0%| F|  |TAMS 0x000000008bf00000, 0x000000008bf00000| Untracked 
| 192|0x000000008c000000, 0x000000008c000000, 0x000000008c100000|  0%| F|  |TAMS 0x000000008c000000, 0x000000008c000000| Untracked 
| 193|0x000000008c100000, 0x000000008c100000, 0x000000008c200000|  0%| F|  |TAMS 0x000000008c100000, 0x000000008c100000| Untracked 
| 194|0x000000008c200000, 0x000000008c200000, 0x000000008c300000|  0%| F|  |TAMS 0x000000008c200000, 0x000000008c200000| Untracked 
| 195|0x000000008c300000, 0x000000008c300000, 0x000000008c400000|  0%| F|  |TAMS 0x000000008c300000, 0x000000008c300000| Untracked 
| 196|0x000000008c400000, 0x000000008c400000, 0x000000008c500000|  0%| F|  |TAMS 0x000000008c400000, 0x000000008c400000| Untracked 
| 197|0x000000008c500000, 0x000000008c500000, 0x000000008c600000|  0%| F|  |TAMS 0x000000008c500000, 0x000000008c500000| Untracked 
| 198|0x000000008c600000, 0x000000008c600000, 0x000000008c700000|  0%| F|  |TAMS 0x000000008c600000, 0x000000008c600000| Untracked 
| 199|0x000000008c700000, 0x000000008c700000, 0x000000008c800000|  0%| F|  |TAMS 0x000000008c700000, 0x000000008c700000| Untracked 
| 200|0x000000008c800000, 0x000000008c800000, 0x000000008c900000|  0%| F|  |TAMS 0x000000008c800000, 0x000000008c800000| Untracked 
| 201|0x000000008c900000, 0x000000008c900000, 0x000000008ca00000|  0%| F|  |TAMS 0x000000008c900000, 0x000000008c900000| Untracked 
| 202|0x000000008ca00000, 0x000000008ca00000, 0x000000008cb00000|  0%| F|  |TAMS 0x000000008ca00000, 0x000000008ca00000| Untracked 
| 203|0x000000008cb00000, 0x000000008cb00000, 0x000000008cc00000|  0%| F|  |TAMS 0x000000008cb00000, 0x000000008cb00000| Untracked 
| 204|0x000000008cc00000, 0x000000008cc00000, 0x000000008cd00000|  0%| F|  |TAMS 0x000000008cc00000, 0x000000008cc00000| Untracked 
| 205|0x000000008cd00000, 0x000000008cd00000, 0x000000008ce00000|  0%| F|  |TAMS 0x000000008cd00000, 0x000000008cd00000| Untracked 
| 206|0x000000008ce00000, 0x000000008ce00000, 0x000000008cf00000|  0%| F|  |TAMS 0x000000008ce00000, 0x000000008ce00000| Untracked 
| 207|0x000000008cf00000, 0x000000008cf00000, 0x000000008d000000|  0%| F|  |TAMS 0x000000008cf00000, 0x000000008cf00000| Untracked 
| 208|0x000000008d000000, 0x000000008d000000, 0x000000008d100000|  0%| F|  |TAMS 0x000000008d000000, 0x000000008d000000| Untracked 
| 209|0x000000008d100000, 0x000000008d100000, 0x000000008d200000|  0%| F|  |TAMS 0x000000008d100000, 0x000000008d100000| Untracked 
| 210|0x000000008d200000, 0x000000008d200000, 0x000000008d300000|  0%| F|  |TAMS 0x000000008d200000, 0x000000008d200000| Untracked 
| 211|0x000000008d300000, 0x000000008d300000, 0x000000008d400000|  0%| F|  |TAMS 0x000000008d300000, 0x000000008d300000| Untracked 
| 212|0x000000008d400000, 0x000000008d400000, 0x000000008d500000|  0%| F|  |TAMS 0x000000008d400000, 0x000000008d400000| Untracked 
| 213|0x000000008d500000, 0x000000008d500000, 0x000000008d600000|  0%| F|  |TAMS 0x000000008d500000, 0x000000008d500000| Untracked 
| 214|0x000000008d600000, 0x000000008d600000, 0x000000008d700000|  0%| F|  |TAMS 0x000000008d600000, 0x000000008d600000| Untracked 
| 215|0x000000008d700000, 0x000000008d700000, 0x000000008d800000|  0%| F|  |TAMS 0x000000008d700000, 0x000000008d700000| Untracked 
| 216|0x000000008d800000, 0x000000008d800000, 0x000000008d900000|  0%| F|  |TAMS 0x000000008d800000, 0x000000008d800000| Untracked 
| 217|0x000000008d900000, 0x000000008d900000, 0x000000008da00000|  0%| F|  |TAMS 0x000000008d900000, 0x000000008d900000| Untracked 
| 218|0x000000008da00000, 0x000000008da00000, 0x000000008db00000|  0%| F|  |TAMS 0x000000008da00000, 0x000000008da00000| Untracked 
| 219|0x000000008db00000, 0x000000008db00000, 0x000000008dc00000|  0%| F|  |TAMS 0x000000008db00000, 0x000000008db00000| Untracked 
| 220|0x000000008dc00000, 0x000000008dc00000, 0x000000008dd00000|  0%| F|  |TAMS 0x000000008dc00000, 0x000000008dc00000| Untracked 
| 221|0x000000008dd00000, 0x000000008dd00000, 0x000000008de00000|  0%| F|  |TAMS 0x000000008dd00000, 0x000000008dd00000| Untracked 
| 222|0x000000008de00000, 0x000000008de00000, 0x000000008df00000|  0%| F|  |TAMS 0x000000008de00000, 0x000000008de00000| Untracked 
| 223|0x000000008df00000, 0x000000008df00000, 0x000000008e000000|  0%| F|  |TAMS 0x000000008df00000, 0x000000008df00000| Untracked 
| 224|0x000000008e000000, 0x000000008e000000, 0x000000008e100000|  0%| F|  |TAMS 0x000000008e000000, 0x000000008e000000| Untracked 
| 225|0x000000008e100000, 0x000000008e100000, 0x000000008e200000|  0%| F|  |TAMS 0x000000008e100000, 0x000000008e100000| Untracked 
| 226|0x000000008e200000, 0x000000008e200000, 0x000000008e300000|  0%| F|  |TAMS 0x000000008e200000, 0x000000008e200000| Untracked 
| 227|0x000000008e300000, 0x000000008e300000, 0x000000008e400000|  0%| F|  |TAMS 0x000000008e300000, 0x000000008e300000| Untracked 
| 228|0x000000008e400000, 0x000000008e400000, 0x000000008e500000|  0%| F|  |TAMS 0x000000008e400000, 0x000000008e400000| Untracked 
| 229|0x000000008e500000, 0x000000008e500000, 0x000000008e600000|  0%| F|  |TAMS 0x000000008e500000, 0x000000008e500000| Untracked 
| 230|0x000000008e600000, 0x000000008e600000, 0x000000008e700000|  0%| F|  |TAMS 0x000000008e600000, 0x000000008e600000| Untracked 
| 231|0x000000008e700000, 0x000000008e700000, 0x000000008e800000|  0%| F|  |TAMS 0x000000008e700000, 0x000000008e700000| Untracked 
| 232|0x000000008e800000, 0x000000008e800000, 0x000000008e900000|  0%| F|  |TAMS 0x000000008e800000, 0x000000008e800000| Untracked 
| 233|0x000000008e900000, 0x000000008e900000, 0x000000008ea00000|  0%| F|  |TAMS 0x000000008e900000, 0x000000008e900000| Untracked 
| 234|0x000000008ea00000, 0x000000008ea00000, 0x000000008eb00000|  0%| F|  |TAMS 0x000000008ea00000, 0x000000008ea00000| Untracked 
| 235|0x000000008eb00000, 0x000000008eb00000, 0x000000008ec00000|  0%| F|  |TAMS 0x000000008eb00000, 0x000000008eb00000| Untracked 
| 236|0x000000008ec00000, 0x000000008ec00000, 0x000000008ed00000|  0%| F|  |TAMS 0x000000008ec00000, 0x000000008ec00000| Untracked 
| 237|0x000000008ed00000, 0x000000008ed00000, 0x000000008ee00000|  0%| F|  |TAMS 0x000000008ed00000, 0x000000008ed00000| Untracked 
| 238|0x000000008ee00000, 0x000000008ee00000, 0x000000008ef00000|  0%| F|  |TAMS 0x000000008ee00000, 0x000000008ee00000| Untracked 
| 239|0x000000008ef00000, 0x000000008ef00000, 0x000000008f000000|  0%| F|  |TAMS 0x000000008ef00000, 0x000000008ef00000| Untracked 
| 240|0x000000008f000000, 0x000000008f000000, 0x000000008f100000|  0%| F|  |TAMS 0x000000008f000000, 0x000000008f000000| Untracked 
| 241|0x000000008f100000, 0x000000008f100000, 0x000000008f200000|  0%| F|  |TAMS 0x000000008f100000, 0x000000008f100000| Untracked 
| 242|0x000000008f200000, 0x000000008f200000, 0x000000008f300000|  0%| F|  |TAMS 0x000000008f200000, 0x000000008f200000| Untracked 
| 243|0x000000008f300000, 0x000000008f300000, 0x000000008f400000|  0%| F|  |TAMS 0x000000008f300000, 0x000000008f300000| Untracked 
| 244|0x000000008f400000, 0x000000008f400000, 0x000000008f500000|  0%| F|  |TAMS 0x000000008f400000, 0x000000008f400000| Untracked 
| 245|0x000000008f500000, 0x000000008f500000, 0x000000008f600000|  0%| F|  |TAMS 0x000000008f500000, 0x000000008f500000| Untracked 
| 246|0x000000008f600000, 0x000000008f600000, 0x000000008f700000|  0%| F|  |TAMS 0x000000008f600000, 0x000000008f600000| Untracked 
| 247|0x000000008f700000, 0x000000008f700000, 0x000000008f800000|  0%| F|  |TAMS 0x000000008f700000, 0x000000008f700000| Untracked 
| 248|0x000000008f800000, 0x000000008f800000, 0x000000008f900000|  0%| F|  |TAMS 0x000000008f800000, 0x000000008f800000| Untracked 
| 249|0x000000008f900000, 0x000000008f900000, 0x000000008fa00000|  0%| F|  |TAMS 0x000000008f900000, 0x000000008f900000| Untracked 
| 250|0x000000008fa00000, 0x000000008fb00000, 0x000000008fb00000|100%| E|  |TAMS 0x000000008fa00000, 0x000000008fa00000| Complete 
| 251|0x000000008fb00000, 0x000000008fc00000, 0x000000008fc00000|100%| E|CS|TAMS 0x000000008fb00000, 0x000000008fb00000| Complete 
| 252|0x000000008fc00000, 0x000000008fd00000, 0x000000008fd00000|100%| E|CS|TAMS 0x000000008fc00000, 0x000000008fc00000| Complete 
| 253|0x000000008fd00000, 0x000000008fe00000, 0x000000008fe00000|100%| E|CS|TAMS 0x000000008fd00000, 0x000000008fd00000| Complete 
| 254|0x000000008fe00000, 0x000000008ff00000, 0x000000008ff00000|100%| E|CS|TAMS 0x000000008fe00000, 0x000000008fe00000| Complete 
| 255|0x000000008ff00000, 0x0000000090000000, 0x0000000090000000|100%| E|CS|TAMS 0x000000008ff00000, 0x000000008ff00000| Complete 

Card table byte_map: [0x000002c8f7e90000,0x000002c8f8290000] _byte_map_base: 0x000002c8f7a90000

Marking Bits (Prev, Next): (CMBitMap*) 0x000002c8e4ca0ad8, (CMBitMap*) 0x000002c8e4ca0b10
 Prev Bits: [0x000002c8f8690000, 0x000002c8fa690000)
 Next Bits: [0x000002c8fa690000, 0x000002c8fc690000)

Polling page: 0x000002c8e4440000

Metaspace:

Usage:
  Non-class:     48.28 MB capacity,    47.49 MB ( 98%) used,   656.32 KB (  1%) free+waste,   144.94 KB ( <1%) overhead. 
      Class:      7.36 MB capacity,     6.89 MB ( 94%) used,   410.91 KB (  5%) free+waste,    68.44 KB ( <1%) overhead. 
       Both:     55.63 MB capacity,    54.38 MB ( 98%) used,     1.04 MB (  2%) free+waste,   213.38 KB ( <1%) overhead. 

Virtual space:
  Non-class space:       50.00 MB reserved,      48.37 MB ( 97%) committed 
      Class space:        1.00 GB reserved,       7.45 MB ( <1%) committed 
             Both:        1.05 GB reserved,      55.82 MB (  5%) committed 

Chunk freelists:
   Non-Class:  34.00 KB
       Class:  16.00 KB
        Both:  50.00 KB

MaxMetaspaceSize: 17179869184.00 GB
CompressedClassSpaceSize: 1.00 GB

CodeHeap 'non-profiled nmethods': size=120000Kb used=3249Kb max_used=3249Kb free=116751Kb
 bounds [0x000002c8f0230000, 0x000002c8f0560000, 0x000002c8f7760000]
CodeHeap 'profiled nmethods': size=120000Kb used=11843Kb max_used=11843Kb free=108156Kb
 bounds [0x000002c8e8d00000, 0x000002c8e98a0000, 0x000002c8f0230000]
CodeHeap 'non-nmethods': size=5760Kb used=2235Kb max_used=2259Kb free=3524Kb
 bounds [0x000002c8e8760000, 0x000002c8e89d0000, 0x000002c8e8d00000]
 total_blobs=6620 nmethods=5806 adapters=725
 compilation: enabled
              stopped_count=0, restarted_count=0
 full_count=0

Compilation events (20 events):
Event: 8.859 Thread 0x000002c8ff9ba800 nmethod 5800 0x000002c8f0555b90 code [0x000002c8f0555d40, 0x000002c8f0555df8]
Event: 8.861 Thread 0x000002c8ff9ba800 5801       3       org.gradle.api.internal.provider.AbstractMinimalProvider::<init> (5 bytes)
Event: 8.862 Thread 0x000002c8ff9ba800 nmethod 5801 0x000002c8e988e110 code [0x000002c8e988e2c0, 0x000002c8e988e418]
Event: 8.862 Thread 0x000002c8ff9ba800 5802       3       java.util.HashMap$EntrySet::iterator (12 bytes)
Event: 8.862 Thread 0x000002c8ff9ba800 nmethod 5802 0x000002c8e988e510 code [0x000002c8e988e6e0, 0x000002c8e988e948]
Event: 8.862 Thread 0x000002c8ff9ba800 5803       3       java.util.HashMap$EntryIterator::<init> (11 bytes)
Event: 8.862 Thread 0x000002c8ff9ba800 nmethod 5803 0x000002c8e988ea10 code [0x000002c8e988ebc0, 0x000002c8e988ed48]
Event: 8.866 Thread 0x000002c8ff9ba800 5804       3       java.util.HashMap::entrySet (27 bytes)
Event: 8.866 Thread 0x000002c8ff9ba800 nmethod 5804 0x000002c8e988ee10 code [0x000002c8e988efe0, 0x000002c8e988f3b8]
Event: 8.868 Thread 0x000002c8ff968800 5805       4       org.objectweb.asm.Frame::pop (44 bytes)
Event: 8.868 Thread 0x000002c8ff9ba800 5806       1       org.gradle.internal.instantiation.generator.AbstractClassGenerator$MethodMetadata::getGenericReturnType (5 bytes)
Event: 8.868 Thread 0x000002c8ff9ba800 nmethod 5806 0x000002c8f0555e90 code [0x000002c8f0556040, 0x000002c8f05560f8]
Event: 8.868 Thread 0x000002c8ff9ba800 5807       3       org.objectweb.asm.Type::getDescriptor (18 bytes)
Event: 8.868 Thread 0x000002c8ff968800 nmethod 5805 0x000002c8f0556190 code [0x000002c8f0556320, 0x000002c8f05563b8]
Event: 8.869 Thread 0x000002c8ff9ba800 nmethod 5807 0x000002c8e988f510 code [0x000002c8e988f740, 0x000002c8e988fd58]
Event: 8.885 Thread 0x000002c882bac800 nmethod 5776 0x000002c8f0556410 code [0x000002c8f0556840, 0x000002c8f05599a8]
Event: 8.922 Thread 0x000002c8ff968800 5808       4       jdk.internal.ref.PhantomCleanable::clean (16 bytes)
Event: 8.922 Thread 0x000002c882bac800 5809       4       jdk.internal.ref.CleanerImpl$PhantomCleanableRef::performCleanup (10 bytes)
Event: 8.923 Thread 0x000002c882bac800 nmethod 5809 0x000002c8f055b490 code [0x000002c8f055b620, 0x000002c8f055b6b8]
Event: 8.929 Thread 0x000002c8ff968800 nmethod 5808 0x000002c8f055b790 code [0x000002c8f055b940, 0x000002c8f055bfd8]

GC Heap History (16 events):
Event: 0.749 GC heap before
{Heap before GC invocations=0 (full 0):
 garbage-first heap   total 262144K, used 29696K [0x0000000080000000, 0x0000000100000000)
  region size 1024K, 24 young (24576K), 0 survivors (0K)
 Metaspace       used 10264K, capacity 10565K, committed 10624K, reserved 1058816K
  class space    used 1073K, capacity 1139K, committed 1152K, reserved 1048576K
}
Event: 0.756 GC heap after
{Heap after GC invocations=1 (full 0):
 garbage-first heap   total 262144K, used 9523K [0x0000000080000000, 0x0000000100000000)
  region size 1024K, 3 young (3072K), 3 survivors (3072K)
 Metaspace       used 10264K, capacity 10565K, committed 10624K, reserved 1058816K
  class space    used 1073K, capacity 1139K, committed 1152K, reserved 1048576K
}
Event: 1.033 GC heap before
{Heap before GC invocations=1 (full 0):
 garbage-first heap   total 262144K, used 23859K [0x0000000080000000, 0x0000000100000000)
  region size 1024K, 17 young (17408K), 3 survivors (3072K)
 Metaspace       used 11169K, capacity 11456K, committed 11520K, reserved 1058816K
  class space    used 1174K, capacity 1244K, committed 1280K, reserved 1048576K
}
Event: 1.036 GC heap after
{Heap after GC invocations=2 (full 0):
 garbage-first heap   total 262144K, used 9909K [0x0000000080000000, 0x0000000100000000)
  region size 1024K, 1 young (1024K), 1 survivors (1024K)
 Metaspace       used 11169K, capacity 11456K, committed 11520K, reserved 1058816K
  class space    used 1174K, capacity 1244K, committed 1280K, reserved 1048576K
}
Event: 3.510 GC heap before
{Heap before GC invocations=2 (full 0):
 garbage-first heap   total 262144K, used 58037K [0x0000000080000000, 0x0000000100000000)
  region size 1024K, 48 young (49152K), 1 survivors (1024K)
 Metaspace       used 16156K, capacity 16557K, committed 16640K, reserved 1064960K
  class space    used 1844K, capacity 1967K, committed 2048K, reserved 1048576K
}
Event: 3.516 GC heap after
{Heap after GC invocations=3 (full 0):
 garbage-first heap   total 262144K, used 15637K [0x0000000080000000, 0x0000000100000000)
  region size 1024K, 6 young (6144K), 6 survivors (6144K)
 Metaspace       used 16156K, capacity 16557K, committed 16640K, reserved 1064960K
  class space    used 1844K, capacity 1967K, committed 2048K, reserved 1048576K
}
Event: 3.971 GC heap before
{Heap before GC invocations=3 (full 0):
 garbage-first heap   total 262144K, used 51477K [0x0000000080000000, 0x0000000100000000)
  region size 1024K, 42 young (43008K), 6 survivors (6144K)
 Metaspace       used 20694K, capacity 21117K, committed 21296K, reserved 1069056K
  class space    used 2533K, capacity 2660K, committed 2688K, reserved 1048576K
}
Event: 3.982 GC heap after
{Heap after GC invocations=4 (full 0):
 garbage-first heap   total 262144K, used 16996K [0x0000000080000000, 0x0000000100000000)
  region size 1024K, 2 young (2048K), 2 survivors (2048K)
 Metaspace       used 20694K, capacity 21117K, committed 21296K, reserved 1069056K
  class space    used 2533K, capacity 2660K, committed 2688K, reserved 1048576K
}
Event: 4.808 GC heap before
{Heap before GC invocations=5 (full 0):
 garbage-first heap   total 262144K, used 90724K [0x0000000080000000, 0x0000000100000000)
  region size 1024K, 75 young (76800K), 2 survivors (2048K)
 Metaspace       used 27991K, capacity 28637K, committed 28720K, reserved 1075200K
  class space    used 3701K, capacity 3941K, committed 3968K, reserved 1048576K
}
Event: 4.814 GC heap after
{Heap after GC invocations=6 (full 0):
 garbage-first heap   total 262144K, used 19599K [0x0000000080000000, 0x0000000100000000)
  region size 1024K, 5 young (5120K), 5 survivors (5120K)
 Metaspace       used 27991K, capacity 28637K, committed 28720K, reserved 1075200K
  class space    used 3701K, capacity 3941K, committed 3968K, reserved 1048576K
}
Event: 5.660 GC heap before
{Heap before GC invocations=6 (full 0):
 garbage-first heap   total 262144K, used 56463K [0x0000000080000000, 0x0000000100000000)
  region size 1024K, 42 young (43008K), 5 survivors (5120K)
 Metaspace       used 34889K, capacity 35661K, committed 35708K, reserved 1081344K
  class space    used 4532K, capacity 4861K, committed 4864K, reserved 1048576K
}
Event: 5.670 GC heap after
{Heap after GC invocations=7 (full 0):
 garbage-first heap   total 262144K, used 22500K [0x0000000080000000, 0x0000000100000000)
  region size 1024K, 7 young (7168K), 7 survivors (7168K)
 Metaspace       used 34889K, capacity 35661K, committed 35708K, reserved 1081344K
  class space    used 4532K, capacity 4861K, committed 4864K, reserved 1048576K
}
Event: 7.341 GC heap before
{Heap before GC invocations=8 (full 0):
 garbage-first heap   total 262144K, used 149476K [0x0000000080000000, 0x0000000100000000)
  region size 1024K, 128 young (131072K), 7 survivors (7168K)
 Metaspace       used 45251K, capacity 46263K, committed 46280K, reserved 1089536K
  class space    used 5800K, capacity 6206K, committed 6220K, reserved 1048576K
}
Event: 7.358 GC heap after
{Heap after GC invocations=9 (full 0):
 garbage-first heap   total 262144K, used 29353K [0x0000000080000000, 0x0000000100000000)
  region size 1024K, 14 young (14336K), 14 survivors (14336K)
 Metaspace       used 45251K, capacity 46263K, committed 46280K, reserved 1089536K
  class space    used 5800K, capacity 6206K, committed 6220K, reserved 1048576K
}
Event: 8.897 GC heap before
{Heap before GC invocations=9 (full 0):
 garbage-first heap   total 262144K, used 172713K [0x0000000080000000, 0x0000000100000000)
  region size 1024K, 146 young (149504K), 14 survivors (14336K)
 Metaspace       used 54742K, capacity 56066K, committed 56264K, reserved 1097728K
  class space    used 6957K, capacity 7469K, committed 7500K, reserved 1048576K
}
Event: 8.922 GC heap after
{Heap after GC invocations=10 (full 0):
 garbage-first heap   total 262144K, used 49624K [0x0000000080000000, 0x0000000100000000)
  region size 1024K, 19 young (19456K), 19 survivors (19456K)
 Metaspace       used 54742K, capacity 56066K, committed 56264K, reserved 1097728K
  class space    used 6957K, capacity 7469K, committed 7500K, reserved 1048576K
}

Deoptimization events (20 events):
Event: 8.608 Thread 0x000002c882606800 Uncommon trap: trap_request=0xffffff4d fr.pc=0x000002c8f027b80c relative=0x000000000000044c
Event: 8.608 Thread 0x000002c882606800 Uncommon trap: reason=unstable_if action=reinterpret pc=0x000002c8f027b80c method=java.lang.AbstractStringBuilder.putStringAt(ILjava/lang/String;)V @ 8 c2
Event: 8.608 Thread 0x000002c882606800 DEOPT PACKING pc=0x000002c8f027b80c sp=0x000000d753cf6fb0
Event: 8.608 Thread 0x000002c882606800 DEOPT UNPACKING pc=0x000002c8e87865af sp=0x000000d753cf6f20 mode 2
Event: 8.608 Thread 0x000002c882606800 Uncommon trap: trap_request=0xffffff4d fr.pc=0x000002c8f02b8e8c relative=0x000000000000052c
Event: 8.608 Thread 0x000002c882606800 Uncommon trap: reason=unstable_if action=reinterpret pc=0x000002c8f02b8e8c method=java.lang.AbstractStringBuilder.isLatin1()Z @ 10 c2
Event: 8.608 Thread 0x000002c882606800 DEOPT PACKING pc=0x000002c8f02b8e8c sp=0x000000d753cf6f90
Event: 8.608 Thread 0x000002c882606800 DEOPT UNPACKING pc=0x000002c8e87865af sp=0x000000d753cf6e80 mode 2
Event: 8.608 Thread 0x000002c882606800 Uncommon trap: trap_request=0xffffff4d fr.pc=0x000002c8f0262a60 relative=0x00000000000000c0
Event: 8.608 Thread 0x000002c882606800 Uncommon trap: reason=unstable_if action=reinterpret pc=0x000002c8f0262a60 method=java.lang.String.getBytes([BIB)V @ 5 c2
Event: 8.608 Thread 0x000002c882606800 DEOPT PACKING pc=0x000002c8f0262a60 sp=0x000000d753cf6ee0
Event: 8.608 Thread 0x000002c882606800 DEOPT UNPACKING pc=0x000002c8e87865af sp=0x000000d753cf6e88 mode 2
Event: 8.608 Thread 0x000002c882606800 Uncommon trap: trap_request=0xffffff4d fr.pc=0x000002c8f025bbcc relative=0x000000000000022c
Event: 8.608 Thread 0x000002c882606800 Uncommon trap: reason=unstable_if action=reinterpret pc=0x000002c8f025bbcc method=java.lang.AbstractStringBuilder.isLatin1()Z @ 10 c2
Event: 8.608 Thread 0x000002c882606800 DEOPT PACKING pc=0x000002c8f025bbcc sp=0x000000d753cf6f40
Event: 8.608 Thread 0x000002c882606800 DEOPT UNPACKING pc=0x000002c8e87865af sp=0x000000d753cf6e80 mode 2
Event: 8.846 Thread 0x000002c882606800 Uncommon trap: trap_request=0xffffff4d fr.pc=0x000002c8f0533104 relative=0x0000000000000324
Event: 8.846 Thread 0x000002c882606800 Uncommon trap: reason=unstable_if action=reinterpret pc=0x000002c8f0533104 method=org.gradle.internal.instantiation.generator.AbstractClassGenerator$InjectionAnnotationValidator.validateMethod(Ljava/lang/reflect/Method;Lorg/gradle/internal/reflect/Propert
Event: 8.846 Thread 0x000002c882606800 DEOPT PACKING pc=0x000002c8f0533104 sp=0x000000d753cf7d90
Event: 8.846 Thread 0x000002c882606800 DEOPT UNPACKING pc=0x000002c8e87865af sp=0x000000d753cf7d58 mode 2

Classes redefined (0 events):
No events

Internal exceptions (20 events):
Event: 8.274 Thread 0x000002c882606800 Exception <a 'java/lang/ClassNotFoundException'{0x000000008aba5130}: org/gradle/api/tasks/Delete_DecoratedCustomizer> (0x000000008aba5130) thrown at [./src/hotspot/share/classfile/systemDictionary.cpp, line 231]
Event: 8.298 Thread 0x000002c882606800 Exception <a 'java/lang/NoSuchMethodError'{0x000000008aab8310}: 'long java.lang.invoke.DirectMethodHandle$Holder.invokeVirtual(java.lang.Object, java.lang.Object)'> (0x000000008aab8310) thrown at [./src/hotspot/share/interpreter/linkResolver.cpp, line 773]
Event: 8.302 Thread 0x000002c88215c800 Exception <a 'java/lang/NoSuchMethodError'{0x000000008ff88ce8}: <clinit>> (0x000000008ff88ce8) thrown at [./src/hotspot/share/prims/jni.cpp, line 1362]
Event: 8.307 Thread 0x000002c88215c800 Exception <a 'java/lang/NoSuchMethodError'{0x000000008ffa5f50}: <clinit>> (0x000000008ffa5f50) thrown at [./src/hotspot/share/prims/jni.cpp, line 1362]
Event: 8.307 Thread 0x000002c88215c800 Exception <a 'java/lang/NoSuchMethodError'{0x000000008ffa7060}: <clinit>> (0x000000008ffa7060) thrown at [./src/hotspot/share/prims/jni.cpp, line 1362]
Event: 8.307 Thread 0x000002c88215c800 Exception <a 'java/lang/NoSuchMethodError'{0x000000008ffa8368}: <clinit>> (0x000000008ffa8368) thrown at [./src/hotspot/share/prims/jni.cpp, line 1362]
Event: 8.307 Thread 0x000002c88215c800 Exception <a 'java/lang/NoSuchMethodError'{0x000000008ffa9388}: <clinit>> (0x000000008ffa9388) thrown at [./src/hotspot/share/prims/jni.cpp, line 1362]
Event: 8.309 Thread 0x000002c88215c800 Exception <a 'java/lang/NoSuchMethodError'{0x000000008ffbb428}: <clinit>> (0x000000008ffbb428) thrown at [./src/hotspot/share/prims/jni.cpp, line 1362]
Event: 8.310 Thread 0x000002c88215c800 Exception <a 'java/lang/NoSuchMethodError'{0x000000008ffc5710}: <clinit>> (0x000000008ffc5710) thrown at [./src/hotspot/share/prims/jni.cpp, line 1362]
Event: 8.313 Thread 0x000002c88215c800 Exception <a 'java/lang/NoSuchMethodError'{0x000000008a990278}: <clinit>> (0x000000008a990278) thrown at [./src/hotspot/share/prims/jni.cpp, line 1362]
Event: 8.322 Thread 0x000002c882606800 Exception <a 'java/lang/ClassNotFoundException'{0x000000008a978740}: build_ppcjsbfhu8v2sfrkgfxjg5zvBeanInfo> (0x000000008a978740) thrown at [./src/hotspot/share/classfile/systemDictionary.cpp, line 231]
Event: 8.322 Thread 0x000002c882606800 Exception <a 'java/lang/ClassNotFoundException'{0x000000008a9cd290}: build_ppcjsbfhu8v2sfrkgfxjg5zvCustomizer> (0x000000008a9cd290) thrown at [./src/hotspot/share/classfile/systemDictionary.cpp, line 231]
Event: 8.344 Thread 0x000002c882606800 Exception <a 'java/lang/ClassNotFoundException'{0x000000008a772418}: org/gradle/api/internal/plugins/DefaultObjectConfigurationActionBeanInfo> (0x000000008a772418) thrown at [./src/hotspot/share/classfile/systemDictionary.cpp, line 231]
Event: 8.345 Thread 0x000002c882606800 Exception <a 'java/lang/ClassNotFoundException'{0x000000008a7a8ce0}: org/gradle/api/internal/plugins/DefaultObjectConfigurationActionCustomizer> (0x000000008a7a8ce0) thrown at [./src/hotspot/share/classfile/systemDictionary.cpp, line 231]
Event: 8.461 Thread 0x000002c882606800 Exception <a 'java/lang/NoSuchMethodError'{0x0000000089c0db70}: 'java.lang.Object java.lang.invoke.DirectMethodHandle$Holder.invokeStatic(java.lang.Object, java.lang.Object, java.lang.Object, java.lang.Object, int)'> (0x0000000089c0db70) thrown at [./src/hotspot/share/interpreter/linkResolver.cpp, line 773]
Event: 8.461 Thread 0x000002c882606800 Exception <a 'java/lang/NoSuchMethodError'{0x0000000089c12568}: 'java.lang.Object java.lang.invoke.DirectMethodHandle$Holder.invokeSpecial(java.lang.Object, java.lang.Object, java.lang.Object, java.lang.Object, java.lang.Object, int)'> (0x0000000089c12568) thrown at [./src/hotspot/share/interpreter/linkResolver.cpp, line 773]
Event: 8.462 Thread 0x000002c882606800 Exception <a 'java/lang/NoSuchMethodError'{0x0000000089c16ba8}: 'java.lang.Object java.lang.invoke.Invokers$Holder.linkToTargetMethod(java.lang.Object, java.lang.Object, java.lang.Object, int, java.lang.Object)'> (0x0000000089c16ba8) thrown at [./src/hotspot/share/interpreter/linkResolver.cpp, line 773]
Event: 8.652 Thread 0x000002c882606800 Exception <a 'java/lang/NoSuchMethodError'{0x0000000088d5c7a0}: 'java.lang.Object java.lang.invoke.DirectMethodHandle$Holder.invokeSpecial(java.lang.Object, java.lang.Object, int, int, java.lang.Object, java.lang.Object, java.lang.Object)'> (0x0000000088d5c7a0) thrown at [./src/hotspot/share/interpreter/linkResolver.cpp, line 773]
Event: 8.653 Thread 0x000002c882606800 Exception <a 'java/lang/NoSuchMethodError'{0x0000000088d60d20}: 'java.lang.Object java.lang.invoke.DelegatingMethodHandle$Holder.reinvoke_L(java.lang.Object, int, int, java.lang.Object, java.lang.Object, java.lang.Object)'> (0x0000000088d60d20) thrown at [./src/hotspot/share/interpreter/linkResolver.cpp, line 773]
Event: 8.831 Thread 0x000002c882606800 Exception <a 'java/lang/NoSuchMethodError'{0x0000000088045510}: 'int java.lang.invoke.DirectMethodHandle$Holder.invokeInterface(java.lang.Object, java.lang.Object, java.lang.Object, java.lang.Object)'> (0x0000000088045510) thrown at [./src/hotspot/share/interpreter/linkResolver.cpp, line 773]

Events (20 events):
Event: 8.934 loading class com/google/wireless/android/sdk/stats/GradleBuildMemorySample
Event: 8.934 loading class com/google/wireless/android/sdk/stats/GradleBuildMemorySample done
Event: 8.934 loading class com/google/wireless/android/sdk/stats/GradleBuildMemorySampleOrBuilder
Event: 8.934 loading class com/google/wireless/android/sdk/stats/GradleBuildMemorySampleOrBuilder done
Event: 8.934 loading class com/google/wireless/android/sdk/stats/GradleBuildProfileSpan
Event: 8.934 loading class com/google/wireless/android/sdk/stats/GradleBuildProfileSpan done
Event: 8.935 loading class com/google/wireless/android/sdk/stats/GradleBuildProfileSpanOrBuilder
Event: 8.935 loading class com/google/wireless/android/sdk/stats/GradleBuildProfileSpanOrBuilder done
Event: 8.936 loading class com/google/protobuf/UninitializedMessageException
Event: 8.936 loading class com/google/protobuf/UninitializedMessageException done
Event: 8.936 loading class com/android/builder/profile/NameAnonymizer
Event: 8.936 loading class com/android/builder/profile/NameAnonymizer done
Event: 8.937 loading class com/google/common/cache/CacheLoader
Event: 8.937 loading class com/google/common/cache/CacheLoader done
Event: 8.937 loading class com/android/builder/profile/NameAnonymizer$ProjectCacheLoader
Event: 8.937 loading class com/android/builder/profile/NameAnonymizer$ProjectCacheLoader done
Event: 8.937 loading class com/google/common/cache/CacheBuilder
Event: 8.937 loading class com/google/common/cache/CacheBuilder done
Event: 8.938 loading class com/google/common/base/Supplier
Event: 8.938 loading class com/google/common/base/Supplier done


Dynamic libraries:
0x00007ff73e8b0000 - 0x00007ff73e8ba000 	D:\Program Files\Android Studio\jre\bin\java.exe
0x00007ffe3e1d0000 - 0x00007ffe3e3c5000 	C:\WINDOWS\SYSTEM32\ntdll.dll
0x00007ffe3ced0000 - 0x00007ffe3cf8e000 	C:\WINDOWS\System32\KERNEL32.DLL
0x00007ffe3b9c0000 - 0x00007ffe3bc88000 	C:\WINDOWS\System32\KERNELBASE.dll
0x00007ffe3bc90000 - 0x00007ffe3bd90000 	C:\WINDOWS\System32\ucrtbase.dll
0x00007ffe1bd80000 - 0x00007ffe1bd97000 	D:\Program Files\Android Studio\jre\bin\VCRUNTIME140.dll
0x00007ffe102b0000 - 0x00007ffe102c9000 	D:\Program Files\Android Studio\jre\bin\jli.dll
0x00007ffe3de10000 - 0x00007ffe3dfb0000 	C:\WINDOWS\System32\USER32.dll
0x00007ffe3bfd0000 - 0x00007ffe3bff2000 	C:\WINDOWS\System32\win32u.dll
0x00007ffe22ef0000 - 0x00007ffe2318a000 	C:\WINDOWS\WinSxS\amd64_microsoft.windows.common-controls_6595b64144ccf1df_6.0.19041.1110_none_60b5254171f9507e\COMCTL32.dll
0x00007ffe3dca0000 - 0x00007ffe3dccb000 	C:\WINDOWS\System32\GDI32.dll
0x00007ffe3ca50000 - 0x00007ffe3caee000 	C:\WINDOWS\System32\msvcrt.dll
0x00007ffe3be40000 - 0x00007ffe3bf4d000 	C:\WINDOWS\System32\gdi32full.dll
0x00007ffe3b8b0000 - 0x00007ffe3b94d000 	C:\WINDOWS\System32\msvcp_win.dll
0x00007ffe3c1f0000 - 0x00007ffe3c220000 	C:\WINDOWS\System32\IMM32.DLL
0x00007ffde0bf0000 - 0x00007ffde0c8d000 	D:\Program Files\Android Studio\jre\bin\msvcp140.dll
0x00007ffdcacf0000 - 0x00007ffdcb7c5000 	D:\Program Files\Android Studio\jre\bin\server\jvm.dll
0x00007ffe3da30000 - 0x00007ffe3dade000 	C:\WINDOWS\System32\ADVAPI32.dll
0x00007ffe3dae0000 - 0x00007ffe3db7c000 	C:\WINDOWS\System32\sechost.dll
0x00007ffe3d7c0000 - 0x00007ffe3d8e5000 	C:\WINDOWS\System32\RPCRT4.dll
0x00007ffe3c910000 - 0x00007ffe3c918000 	C:\WINDOWS\System32\PSAPI.DLL
0x00007ffe32e30000 - 0x00007ffe32e57000 	C:\WINDOWS\SYSTEM32\WINMM.dll
0x00007ffe245f0000 - 0x00007ffe245f9000 	C:\WINDOWS\SYSTEM32\WSOCK32.dll
0x00007ffe35600000 - 0x00007ffe3560a000 	C:\WINDOWS\SYSTEM32\VERSION.dll
0x00007ffe3cff0000 - 0x00007ffe3d05b000 	C:\WINDOWS\System32\WS2_32.dll
0x00007ffe397c0000 - 0x00007ffe397d2000 	C:\WINDOWS\SYSTEM32\kernel.appcore.dll
0x00007ffe37540000 - 0x00007ffe37551000 	D:\Program Files\Android Studio\jre\bin\verify.dll
0x00007ffe2afb0000 - 0x00007ffe2b194000 	C:\WINDOWS\SYSTEM32\DBGHELP.DLL
0x00007ffe2aec0000 - 0x00007ffe2aeec000 	C:\WINDOWS\SYSTEM32\dbgcore.DLL
0x00007ffe3c160000 - 0x00007ffe3c1e2000 	C:\WINDOWS\System32\bcryptPrimitives.dll
0x00007ffe374e0000 - 0x00007ffe37509000 	D:\Program Files\Android Studio\jre\bin\java.dll
0x00007ffe37460000 - 0x00007ffe3746b000 	D:\Program Files\Android Studio\jre\bin\jimage.dll
0x00007ffe2b230000 - 0x00007ffe2b248000 	D:\Program Files\Android Studio\jre\bin\zip.dll
0x00007ffe3d070000 - 0x00007ffe3d7b4000 	C:\WINDOWS\System32\SHELL32.dll
0x00007ffe399c0000 - 0x00007ffe3a154000 	C:\WINDOWS\SYSTEM32\windows.storage.dll
0x00007ffe3cb70000 - 0x00007ffe3cec5000 	C:\WINDOWS\System32\combase.dll
0x00007ffe3b300000 - 0x00007ffe3b32e000 	C:\WINDOWS\SYSTEM32\Wldp.dll
0x00007ffe3d8f0000 - 0x00007ffe3d99d000 	C:\WINDOWS\System32\SHCORE.dll
0x00007ffe3c760000 - 0x00007ffe3c7b5000 	C:\WINDOWS\System32\shlwapi.dll
0x00007ffe3b7f0000 - 0x00007ffe3b80f000 	C:\WINDOWS\SYSTEM32\profapi.dll
0x00007ffe297d0000 - 0x00007ffe297ea000 	D:\Program Files\Android Studio\jre\bin\net.dll
0x00007ffe2b730000 - 0x00007ffe2b83c000 	C:\WINDOWS\SYSTEM32\WINHTTP.dll
0x00007ffe3b060000 - 0x00007ffe3b0ca000 	C:\WINDOWS\system32\mswsock.dll
0x00007ffe297b0000 - 0x00007ffe297c4000 	D:\Program Files\Android Studio\jre\bin\nio.dll
0x00007ffe0afd0000 - 0x00007ffe0aff7000 	C:\Users\DeFey\.gradle\native\e1d6ef7f7dcc3fd88c89a11ec53ec762bb8ba0a96d01ffa2cd45eb1d1d8dd5c5\windows-amd64\native-platform.dll
0x00007ffdbf500000 - 0x00007ffdbf644000 	C:\Users\DeFey\.gradle\native\5664cfc778a61ccfe75a443a1ab52a65af34e5dc3c78e0209fed803814484fcb\windows-amd64\native-platform-file-events.dll
0x00007ffe2a910000 - 0x00007ffe2a91a000 	D:\Program Files\Android Studio\jre\bin\management.dll
0x00007ffe297a0000 - 0x00007ffe297ad000 	D:\Program Files\Android Studio\jre\bin\management_ext.dll
0x00007ffe3b260000 - 0x00007ffe3b278000 	C:\WINDOWS\SYSTEM32\CRYPTSP.dll
0x00007ffe3a970000 - 0x00007ffe3a9a4000 	C:\WINDOWS\system32\rsaenh.dll
0x00007ffe3bf50000 - 0x00007ffe3bf77000 	C:\WINDOWS\System32\bcrypt.dll
0x00007ffe3b7b0000 - 0x00007ffe3b7de000 	C:\WINDOWS\SYSTEM32\USERENV.dll
0x00007ffe3b250000 - 0x00007ffe3b25c000 	C:\WINDOWS\SYSTEM32\CRYPTBASE.dll
0x00007ffe3ad00000 - 0x00007ffe3ad3b000 	C:\WINDOWS\SYSTEM32\IPHLPAPI.DLL
0x00007ffe3c220000 - 0x00007ffe3c228000 	C:\WINDOWS\System32\NSI.dll
0x00007ffe35580000 - 0x00007ffe35597000 	C:\WINDOWS\SYSTEM32\dhcpcsvc6.DLL
0x00007ffe358d0000 - 0x00007ffe358ed000 	C:\WINDOWS\SYSTEM32\dhcpcsvc.DLL
0x00007ffe3ad50000 - 0x00007ffe3ae1b000 	C:\WINDOWS\SYSTEM32\DNSAPI.dll

dbghelp: loaded successfully - version: 4.0.5 - missing functions: none
symbol engine: initialized successfully - sym options: 0x614 - pdb path: .;D:\Program Files\Android Studio\jre\bin;C:\WINDOWS\SYSTEM32;C:\WINDOWS\WinSxS\amd64_microsoft.windows.common-controls_6595b64144ccf1df_6.0.19041.1110_none_60b5254171f9507e;D:\Program Files\Android Studio\jre\bin\server;C:\Users\DeFey\.gradle\native\e1d6ef7f7dcc3fd88c89a11ec53ec762bb8ba0a96d01ffa2cd45eb1d1d8dd5c5\windows-amd64;C:\Users\DeFey\.gradle\native\5664cfc778a61ccfe75a443a1ab52a65af34e5dc3c78e0209fed803814484fcb\windows-amd64

VM Arguments:
jvm_args: --add-opens=java.base/java.util=ALL-UNNAMED --add-opens=java.base/java.lang=ALL-UNNAMED --add-opens=java.base/java.lang.invoke=ALL-UNNAMED --add-opens=java.base/java.util=ALL-UNNAMED --add-opens=java.prefs/java.util.prefs=ALL-UNNAMED --add-opens=java.prefs/java.util.prefs=ALL-UNNAMED --add-opens=java.base/java.nio.charset=ALL-UNNAMED --add-opens=java.base/java.net=ALL-UNNAMED --add-opens=java.base/java.util.concurrent.atomic=ALL-UNNAMED -Xmx2048m -Dfile.encoding=UTF-8 -Duser.country=RU -Duser.language=ru -Duser.variant 
java_command: org.gradle.launcher.daemon.bootstrap.GradleDaemon 7.2
java_class_path (initial): C:\Users\DeFey\.gradle\wrapper\dists\gradle-7.2-bin\2dnblmf4td7x66yl1d74lt32g\gradle-7.2\lib\gradle-launcher-7.2.jar
Launcher Type: SUN_STANDARD

[Global flags]
     intx CICompilerCount                          = 4                                         {product} {ergonomic}
     uint ConcGCThreads                            = 2                                         {product} {ergonomic}
     uint G1ConcRefinementThreads                  = 8                                         {product} {ergonomic}
   size_t G1HeapRegionSize                         = 1048576                                   {product} {ergonomic}
    uintx GCDrainStackTargetSize                   = 64                                        {product} {ergonomic}
   size_t InitialHeapSize                          = 268435456                                 {product} {ergonomic}
   size_t MarkStackSize                            = 4194304                                   {product} {ergonomic}
   size_t MaxHeapSize                              = 2147483648                                {product} {command line}
   size_t MaxNewSize                               = 1287651328                                {product} {ergonomic}
   size_t MinHeapDeltaBytes                        = 1048576                                   {product} {ergonomic}
    uintx NonNMethodCodeHeapSize                   = 5836300                                {pd product} {ergonomic}
    uintx NonProfiledCodeHeapSize                  = 122910970                              {pd product} {ergonomic}
    uintx ProfiledCodeHeapSize                     = 122910970                              {pd product} {ergonomic}
    uintx ReservedCodeCacheSize                    = 251658240                              {pd product} {ergonomic}
     bool SegmentedCodeCache                       = true                                      {product} {ergonomic}
     bool UseCompressedClassPointers               = true                                 {lp64_product} {ergonomic}
     bool UseCompressedOops                        = true                                 {lp64_product} {ergonomic}
     bool UseG1GC                                  = true                                      {product} {ergonomic}
     bool UseLargePagesIndividualAllocation        = false                                  {pd product} {ergonomic}

Logging:
Log output configuration:
 #0: stdout all=warning uptime,level,tags
 #1: stderr all=off uptime,level,tags

Environment Variables:
JAVA_HOME=C:\Program Files\Android\Android Studio\jre
PATH=C:\Program Files\Java\jdk-16.0.1\bin;C:\Users\DeFey\.gradle\gradle-7.1\bin;C:\WINDOWS\system32;C:\WINDOWS;C:\WINDOWS\System32\Wbem;C:\WINDOWS\System32\WindowsPowerShell\v1.0\;C:\Program Files (x86)\ATI Technologies\ATI.ACE\Core-Static;C:\Program Files\Microsoft SQL Server\110\Tools\Binn\;C:\WINDOWS\System32\OpenSSH\;C:\Users\DeFey;C:\adb;C:\Program Files (x86)\NVIDIA Corporation\PhysX\Common;C:\Program Files\NVIDIA Corporation\NVIDIA NvDLISR;C:\WINDOWS\system32;C:\WINDOWS;C:\WINDOWS\System32\Wbem;C:\WINDOWS\System32\WindowsPowerShell\v1.0\;C:\WINDOWS\System32\OpenSSH\;C:\Program Files\nodejs\;C:\Program Files\Git\cmd;C:\Users\DeFey\AppData\Local\Microsoft\WindowsApps;C:\Users\DeFey\.gradle\wrapper\dists\gradle-7.0-bin;C:\Program Files\cURL\bin;C:\Program Files\MySQL\MySQL Shell 8.0\bin\;C:\Users\DeFey\AppData\Local\Microsoft\WindowsApps;C:\Users\DeFey\AppData\Roaming\npm;C:\Users\DeFey\.gradle\gradle-7.1\bin;
USERNAME=DeFey
OS=Windows_NT
PROCESSOR_IDENTIFIER=Intel64 Family 6 Model 58 Stepping 9, GenuineIntel



---------------  S Y S T E M  ---------------

OS: Windows 10 , 64 bit Build 19041 (10.0.19041.1503)
OS uptime: 0 days 4:02 hours

CPU:total 8 (initial active 8) (4 cores per cpu, 2 threads per core) family 6 model 58 stepping 9 microcode 0x21, cmov, cx8, fxsr, mmx, sse, sse2, sse3, ssse3, sse4.1, sse4.2, popcnt, avx, aes, clmul, erms, ht, tsc, tscinvbit, tscinv

Memory: 4k page, system-wide physical 16328M (3515M free)
TotalPageFile size 22528M (AvailPageFile size 5M)
current process WorkingSet (physical memory assigned to process): 403M, peak: 403M
current process commit charge ("private bytes"): 507M, peak: 507M

vm_info: OpenJDK 64-Bit Server VM (11.0.11+9-b60-7590822) for windows-amd64 JRE (11.0.11+9-b60-7590822), built on Jul 29 2021 21:43:44 by "builder" with MS VC++ 14.0 (VS2015)

END.
